{"name": "test_purchase_invoice", "status": "broken", "statusDetails": {"message": "exceptions.custom_exceptions.PopupHandlingError: Failed to save product: Alert Text: Data Saved Successfully. Do you want to continue adding products to this group ?\nMessage: unexpected alert open: {Alert text : Data Saved Successfully. Do you want to continue adding products to this group ?}\n  (Session info: chrome=138.0.7204.169)\nStacktrace:\n\tGetHandleVerifier [0x0x7ff73e5de935+77845]\n\tGetHandleVerifier [0x0x7ff73e5de990+77936]\n\t(No symbol) [0x0x7ff73e399cda]\n\t(No symbol) [0x0x7ff73e441582]\n\t(No symbol) [0x0x7ff73e4186a3]\n\t(No symbol) [0x0x7ff73e3e1791]\n\t(No symbol) [0x0x7ff73e3e2523]\n\tGetHandleVerifier [0x0x7ff73e8b684d+3059501]\n\tGetHandleVerifier [0x0x7ff73e8b0c0d+3035885]\n\tGetHandleVerifier [0x0x7ff73e8d0400+3164896]\n\tGetHandleVerifier [0x0x7ff73e5f8c3e+185118]\n\tGetHandleVerifier [0x0x7ff73e60054f+216111]\n\tGetHandleVerifier [0x0x7ff73e5e72e4+113092]\n\tGetHandleVerifier [0x0x7ff73e5e7499+113529]\n\tGetHandleVerifier [0x0x7ff73e5ce298+10616]\n\tBaseThreadInitThunk [0x0x7ff840aa7374+20]\n\tRtlUserThreadStart [0x0x7ff8419dcc91+33]", "trace": "self = <pages.product_master_page.ProductMasterPage object at 0x00000216B55134D0>\n\n    def _save_product(self):\n        \"\"\"Save the product and handle confirmation.\"\"\"\n        try:\n            with allure.step(\"Clicking on 'Save' button\"):\n                save_button = self.driver.find_element(*self.SAVE_BUTTON)\n                save_button.click()\n                time.sleep(10)\n    \n            # Handle \"Do you want to add another product?\" alert\n            with allure.step(\"Handling 'Do you wanna add another product?' alert\"):\n>               body = self.driver.find_element(By.TAG_NAME, \"body\")\n                       ^^^^^^^^^^^^^^^^^^^^^^^^^^^^^^^^^^^^^^^^^^^^^\n\n..\\pages\\product_master_page.py:285: \n_ _ _ _ _ _ _ _ _ _ _ _ _ _ _ _ _ _ _ _ _ _ _ _ _ _ _ _ _ _ _ _ _ _ _ _ _ _ _ _ _ _ _ _ _ _ _ _ _ _ _ _ _ _ _ _ _ _ _ _\n..\\..\\..\\..\\AppData\\Roaming\\Python\\Python313\\site-packages\\selenium\\webdriver\\remote\\webdriver.py:914: in find_element\n    return self.execute(Command.FIND_ELEMENT, {\"using\": by, \"value\": value})[\"value\"]\n           ^^^^^^^^^^^^^^^^^^^^^^^^^^^^^^^^^^^^^^^^^^^^^^^^^^^^^^^^^^^^^^^^^\n..\\..\\..\\..\\AppData\\Roaming\\Python\\Python313\\site-packages\\selenium\\webdriver\\remote\\webdriver.py:447: in execute\n    self.error_handler.check_response(response)\n_ _ _ _ _ _ _ _ _ _ _ _ _ _ _ _ _ _ _ _ _ _ _ _ _ _ _ _ _ _ _ _ _ _ _ _ _ _ _ _ _ _ _ _ _ _ _ _ _ _ _ _ _ _ _ _ _ _ _ _\n\nself = <selenium.webdriver.remote.errorhandler.ErrorHandler object at 0x00000216B5511E50>\nresponse = {'status': 500, 'value': '{\"value\":{\"data\":{\"text\":\"Data Saved Successfully. Do you want to continue adding products t...ff73e5ce298+10616]\\\\n\\\\tBaseThreadInitThunk [0x0x7ff840aa7374+20]\\\\n\\\\tRtlUserThreadStart [0x0x7ff8419dcc91+33]\\\\n\"}}'}\n\n    def check_response(self, response: Dict[str, Any]) -> None:\n        \"\"\"Checks that a JSON response from the WebDriver does not have an\n        error.\n    \n        :Args:\n         - response - The JSON response from the WebDriver server as a dictionary\n           object.\n    \n        :Raises: If the response contains an error message.\n        \"\"\"\n        status = response.get(\"status\", None)\n        if not status or status == ErrorCode.SUCCESS:\n            return\n        value = None\n        message = response.get(\"message\", \"\")\n        screen: str = response.get(\"screen\", \"\")\n        stacktrace = None\n        if isinstance(status, int):\n            value_json = response.get(\"value\", None)\n            if value_json and isinstance(value_json, str):\n                import json\n    \n                try:\n                    value = json.loads(value_json)\n                    if len(value) == 1:\n                        value = value[\"value\"]\n                    status = value.get(\"error\", None)\n                    if not status:\n                        status = value.get(\"status\", ErrorCode.UNKNOWN_ERROR)\n                        message = value.get(\"value\") or value.get(\"message\")\n                        if not isinstance(message, str):\n                            value = message\n                            message = message.get(\"message\")\n                    else:\n                        message = value.get(\"message\", None)\n                except ValueError:\n                    pass\n    \n        exception_class: Type[WebDriverException]\n        e = ErrorCode()\n        error_codes = [item for item in dir(e) if not item.startswith(\"__\")]\n        for error_code in error_codes:\n            error_info = getattr(ErrorCode, error_code)\n            if isinstance(error_info, list) and status in error_info:\n                exception_class = getattr(ExceptionMapping, error_code, WebDriverException)\n                break\n        else:\n            exception_class = WebDriverException\n    \n        if not value:\n            value = response[\"value\"]\n        if isinstance(value, str):\n            raise exception_class(value)\n        if message == \"\" and \"message\" in value:\n            message = value[\"message\"]\n    \n        screen = None  # type: ignore[assignment]\n        if \"screen\" in value:\n            screen = value[\"screen\"]\n    \n        stacktrace = None\n        st_value = value.get(\"stackTrace\") or value.get(\"stacktrace\")\n        if st_value:\n            if isinstance(st_value, str):\n                stacktrace = st_value.split(\"\\n\")\n            else:\n                stacktrace = []\n                try:\n                    for frame in st_value:\n                        line = frame.get(\"lineNumber\", \"\")\n                        file = frame.get(\"fileName\", \"<anonymous>\")\n                        if line:\n                            file = f\"{file}:{line}\"\n                        meth = frame.get(\"methodName\", \"<anonymous>\")\n                        if \"className\" in frame:\n                            meth = f\"{frame['className']}.{meth}\"\n                        msg = \"    at %s (%s)\"\n                        msg = msg % (meth, file)\n                        stacktrace.append(msg)\n                except TypeError:\n                    pass\n        if exception_class == UnexpectedAlertPresentException:\n            alert_text = None\n            if \"data\" in value:\n                alert_text = value[\"data\"].get(\"text\")\n            elif \"alert\" in value:\n                alert_text = value[\"alert\"].get(\"text\")\n>           raise exception_class(message, screen, stacktrace, alert_text)  # type: ignore[call-arg]  # mypy is not smart enough here\n            ^^^^^^^^^^^^^^^^^^^^^^^^^^^^^^^^^^^^^^^^^^^^^^^^^^^^^^^^^^^^^^\nE           selenium.common.exceptions.UnexpectedAlertPresentException: Alert Text: Data Saved Successfully. Do you want to continue adding products to this group ?\nE           Message: unexpected alert open: {Alert text : Data Saved Successfully. Do you want to continue adding products to this group ?}\nE             (Session info: chrome=138.0.7204.169)\nE           Stacktrace:\nE           \tGetHandleVerifier [0x0x7ff73e5de935+77845]\nE           \tGetHandleVerifier [0x0x7ff73e5de990+77936]\nE           \t(No symbol) [0x0x7ff73e399cda]\nE           \t(No symbol) [0x0x7ff73e441582]\nE           \t(No symbol) [0x0x7ff73e4186a3]\nE           \t(No symbol) [0x0x7ff73e3e1791]\nE           \t(No symbol) [0x0x7ff73e3e2523]\nE           \tGetHandleVerifier [0x0x7ff73e8b684d+3059501]\nE           \tGetHandleVerifier [0x0x7ff73e8b0c0d+3035885]\nE           \tGetHandleVerifier [0x0x7ff73e8d0400+3164896]\nE           \tGetHandleVerifier [0x0x7ff73e5f8c3e+185118]\nE           \tGetHandleVerifier [0x0x7ff73e60054f+216111]\nE           \tGetHandleVerifier [0x0x7ff73e5e72e4+113092]\nE           \tGetHandleVerifier [0x0x7ff73e5e7499+113529]\nE           \tGetHandleVerifier [0x0x7ff73e5ce298+10616]\nE           \tBaseThreadInitThunk [0x0x7ff840aa7374+20]\nE           \tRtlUserThreadStart [0x0x7ff8419dcc91+33]\n\n..\\..\\..\\..\\AppData\\Roaming\\Python\\Python313\\site-packages\\selenium\\webdriver\\remote\\errorhandler.py:231: UnexpectedAlertPresentException\n\nDuring handling of the above exception, another exception occurred:\n\nself = <tests.test_erp_flow.TestERPFlowCreation object at 0x00000216B5511D10>\ndriver = <selenium.webdriver.chrome.webdriver.WebDriver (session=\"c5e6693080a74db0052635cbe3bb8e96\")>\n\n    @allure.story(\"Purchase Invoice Creation\")\n    def test_purchase_invoice(self, driver):\n        \"\"\"Test case for creating purchase invoice.\"\"\"\n        with allure.step(\"PURCHASE a product item\"):\n            # Login\n            login_page = LoginPage(driver)\n            login_page.login(DEFAULT_USERNAME, DEFAULT_PASSWORD, BASE_URL)\n    \n            # Create product master\n            product_page = ProductMasterPage(driver)\n>           product_page.create_product_master(\n                product_item=\"Tested99\",\n                HS_code=\"123\",\n                unit=\"kg.\",\n                item_type=\"Service Item\",\n                description=\"This is description\",\n                category=\"N/A\",\n                short_name=\"XYZ\",\n                purchase_price=\"120\",\n                sales_price=\"140\",\n                alt_unit=\"Each\",\n                conversion_factor=\"1000\",\n                barcode_map=\"143\",\n                barcode_unit=\"kg.\"\n            )\n\ntest_erp_flow.py:62: \n_ _ _ _ _ _ _ _ _ _ _ _ _ _ _ _ _ _ _ _ _ _ _ _ _ _ _ _ _ _ _ _ _ _ _ _ _ _ _ _ _ _ _ _ _ _ _ _ _ _ _ _ _ _ _ _ _ _ _ _\n..\\pages\\product_master_page.py:183: in create_product_master\n    self._save_product()\n_ _ _ _ _ _ _ _ _ _ _ _ _ _ _ _ _ _ _ _ _ _ _ _ _ _ _ _ _ _ _ _ _ _ _ _ _ _ _ _ _ _ _ _ _ _ _ _ _ _ _ _ _ _ _ _ _ _ _ _\n\nself = <pages.product_master_page.ProductMasterPage object at 0x00000216B55134D0>\n\n    def _save_product(self):\n        \"\"\"Save the product and handle confirmation.\"\"\"\n        try:\n            with allure.step(\"Clicking on 'Save' button\"):\n                save_button = self.driver.find_element(*self.SAVE_BUTTON)\n                save_button.click()\n                time.sleep(10)\n    \n            # Handle \"Do you want to add another product?\" alert\n            with allure.step(\"Handling 'Do you wanna add another product?' alert\"):\n                body = self.driver.find_element(By.TAG_NAME, \"body\")\n                body.send_keys(Keys.ENTER)\n                time.sleep(10)\n    \n        except Exception as e:\n            logger.error(f\"Error saving product: {e}\")\n            self.take_screenshot(\"Save Product Error\")\n>           raise PopupHandlingError(f\"Failed to save product: {e}\")\nE           exceptions.custom_exceptions.PopupHandlingError: Failed to save product: Alert Text: Data Saved Successfully. Do you want to continue adding products to this group ?\nE           Message: unexpected alert open: {Alert text : Data Saved Successfully. Do you want to continue adding products to this group ?}\nE             (Session info: chrome=138.0.7204.169)\nE           Stacktrace:\nE           \tGetHandleVerifier [0x0x7ff73e5de935+77845]\nE           \tGetHandleVerifier [0x0x7ff73e5de990+77936]\nE           \t(No symbol) [0x0x7ff73e399cda]\nE           \t(No symbol) [0x0x7ff73e441582]\nE           \t(No symbol) [0x0x7ff73e4186a3]\nE           \t(No symbol) [0x0x7ff73e3e1791]\nE           \t(No symbol) [0x0x7ff73e3e2523]\nE           \tGetHandleVerifier [0x0x7ff73e8b684d+3059501]\nE           \tGetHandleVerifier [0x0x7ff73e8b0c0d+3035885]\nE           \tGetHandleVerifier [0x0x7ff73e8d0400+3164896]\nE           \tGetHandleVerifier [0x0x7ff73e5f8c3e+185118]\nE           \tGetHandleVerifier [0x0x7ff73e60054f+216111]\nE           \tGetHandleVerifier [0x0x7ff73e5e72e4+113092]\nE           \tGetHandleVerifier [0x0x7ff73e5e7499+113529]\nE           \tGetHandleVerifier [0x0x7ff73e5ce298+10616]\nE           \tBaseThreadInitThunk [0x0x7ff840aa7374+20]\nE           \tRtlUserThreadStart [0x0x7ff8419dcc91+33]\n\n..\\pages\\product_master_page.py:292: PopupHandlingError"}, "description": "Test case for creating purchase invoice.", "steps": [{"name": "PURCHASE a product item", "status": "broken", "statusDetails": {"message": "exceptions.custom_exceptions.PopupHandlingError: Failed to save product: Alert Text: Data Saved Successfully. Do you want to continue adding products to this group ?\nMessage: unexpected alert open: {Alert text : Data Saved Successfully. Do you want to continue adding products to this group ?}\n  (Session info: chrome=138.0.7204.169)\nStacktrace:\n\tGetHandleVerifier [0x0x7ff73e5de935+77845]\n\tGetHandleVerifier [0x0x7ff73e5de990+77936]\n\t(No symbol) [0x0x7ff73e399cda]\n\t(No symbol) [0x0x7ff73e441582]\n\t(No symbol) [0x0x7ff73e4186a3]\n\t(No symbol) [0x0x7ff73e3e1791]\n\t(No symbol) [0x0x7ff73e3e2523]\n\tGetHandleVerifier [0x0x7ff73e8b684d+3059501]\n\tGetHandleVerifier [0x0x7ff73e8b0c0d+3035885]\n\tGetHandleVerifier [0x0x7ff73e8d0400+3164896]\n\tGetHandleVerifier [0x0x7ff73e5f8c3e+185118]\n\tGetHandleVerifier [0x0x7ff73e60054f+216111]\n\tGetHandleVerifier [0x0x7ff73e5e72e4+113092]\n\tGetHandleVerifier [0x0x7ff73e5e7499+113529]\n\tGetHandleVerifier [0x0x7ff73e5ce298+10616]\n\tBaseThreadInitThunk [0x0x7ff840aa7374+20]\n\tRtlUserThreadStart [0x0x7ff8419dcc91+33]\n\n", "trace": "  File \"C:\\Users\\karun\\PycharmProjects\\PythonProject\\project\\tests\\test_erp_flow.py\", line 62, in test_purchase_invoice\n    product_page.create_product_master(\n    ~~~~~~~~~~~~~~~~~~~~~~~~~~~~~~~~~~^\n        product_item=\"Tested99\",\n        ^^^^^^^^^^^^^^^^^^^^^^^^\n    ...<11 lines>...\n        barcode_unit=\"kg.\"\n        ^^^^^^^^^^^^^^^^^^\n    )\n    ^\n  File \"C:\\Users\\karun\\AppData\\Roaming\\Python\\Python313\\site-packages\\allure_commons\\_allure.py\", line 202, in impl\n    return func(*a, **kw)\n  File \"C:\\Users\\karun\\PycharmProjects\\PythonProject\\project\\pages\\product_master_page.py\", line 183, in create_product_master\n    self._save_product()\n    ~~~~~~~~~~~~~~~~~~^^\n  File \"C:\\Users\\karun\\PycharmProjects\\PythonProject\\project\\pages\\product_master_page.py\", line 292, in _save_product\n    raise PopupHandlingError(f\"Failed to save product: {e}\")\n"}, "steps": [{"name": "Login with username: 'gedehim917@decodewp.com'", "status": "passed", "steps": [{"name": "Detected 'Already Logged In' popup â€” logging out first", "status": "passed", "start": 1753600836219, "stop": 1753600836455}], "parameters": [{"name": "username", "value": "'gedehim917@decodewp.com'"}, {"name": "password", "value": "'Tebahal1!'"}, {"name": "link", "value": "'https://velvet.webredirect.himshang.com.np/#/pages/dashboard'"}], "start": 1753600817237, "stop": 1753600854570}, {"name": "Creating product master for item: 'Tested99'", "status": "broken", "statusDetails": {"message": "exceptions.custom_exceptions.PopupHandlingError: Failed to save product: Alert Text: Data Saved Successfully. Do you want to continue adding products to this group ?\nMessage: unexpected alert open: {Alert text : Data Saved Successfully. Do you want to continue adding products to this group ?}\n  (Session info: chrome=138.0.7204.169)\nStacktrace:\n\tGetHandleVerifier [0x0x7ff73e5de935+77845]\n\tGetHandleVerifier [0x0x7ff73e5de990+77936]\n\t(No symbol) [0x0x7ff73e399cda]\n\t(No symbol) [0x0x7ff73e441582]\n\t(No symbol) [0x0x7ff73e4186a3]\n\t(No symbol) [0x0x7ff73e3e1791]\n\t(No symbol) [0x0x7ff73e3e2523]\n\tGetHandleVerifier [0x0x7ff73e8b684d+3059501]\n\tGetHandleVerifier [0x0x7ff73e8b0c0d+3035885]\n\tGetHandleVerifier [0x0x7ff73e8d0400+3164896]\n\tGetHandleVerifier [0x0x7ff73e5f8c3e+185118]\n\tGetHandleVerifier [0x0x7ff73e60054f+216111]\n\tGetHandleVerifier [0x0x7ff73e5e72e4+113092]\n\tGetHandleVerifier [0x0x7ff73e5e7499+113529]\n\tGetHandleVerifier [0x0x7ff73e5ce298+10616]\n\tBaseThreadInitThunk [0x0x7ff840aa7374+20]\n\tRtlUserThreadStart [0x0x7ff8419dcc91+33]\n\n", "trace": "  File \"C:\\Users\\karun\\AppData\\Roaming\\Python\\Python313\\site-packages\\allure_commons\\_allure.py\", line 202, in impl\n    return func(*a, **kw)\n  File \"C:\\Users\\karun\\PycharmProjects\\PythonProject\\project\\pages\\product_master_page.py\", line 183, in create_product_master\n    self._save_product()\n    ~~~~~~~~~~~~~~~~~~^^\n  File \"C:\\Users\\karun\\PycharmProjects\\PythonProject\\project\\pages\\product_master_page.py\", line 292, in _save_product\n    raise PopupHandlingError(f\"Failed to save product: {e}\")\n"}, "steps": [{"name": "Clicking on 'Masters' menu", "status": "passed", "start": 1753600854570, "stop": 1753600854662}, {"name": "Waiting for 'Product Master' to be visible and clicking it", "status": "passed", "start": 1753600864981, "stop": 1753600870220}, {"name": "Clicking on 'Add Product' button", "status": "passed", "start": 1753600870220, "stop": 1753600880358}, {"name": "Clicking 'Add Product' label", "status": "passed", "start": 1753600880358, "stop": 1753600888615}, {"name": "Clicking on Item Group input field", "status": "passed", "start": 1753600891708, "stop": 1753600901894}, {"name": "Clicking on main group input field", "status": "passed", "start": 1753600901894, "stop": 1753600910295}, {"name": "Entering product item name", "status": "passed", "start": 1753600910295, "stop": 1753600910500}, {"name": "Entering purchase price", "status": "passed", "start": 1753600946404, "stop": 1753600956570}, {"name": "Entering sales price", "status": "passed", "start": 1753600956570, "stop": 1753600966812}, {"name": "Navigating to Alternate Unit tab", "status": "passed", "start": 1753600966812, "stop": 1753600975003}, {"name": "Clicking on 'Add Barcode' button", "status": "passed", "start": 1753600980378, "stop": 1753600988523}, {"name": "Clicking on 'Save' button", "status": "passed", "start": 1753601014131, "stop": 1753601024240}, {"name": "Handling 'Do you wanna add another product?' alert", "status": "broken", "statusDetails": {"message": "selenium.common.exceptions.UnexpectedAlertPresentException: Alert Text: Data Saved Successfully. Do you want to continue adding products to this group ?\nMessage: unexpected alert open: {Alert text : Data Saved Successfully. Do you want to continue adding products to this group ?}\n  (Session info: chrome=138.0.7204.169)\nStacktrace:\n\tGetHandleVerifier [0x0x7ff73e5de935+77845]\n\tGetHandleVerifier [0x0x7ff73e5de990+77936]\n\t(No symbol) [0x0x7ff73e399cda]\n\t(No symbol) [0x0x7ff73e441582]\n\t(No symbol) [0x0x7ff73e4186a3]\n\t(No symbol) [0x0x7ff73e3e1791]\n\t(No symbol) [0x0x7ff73e3e2523]\n\tGetHandleVerifier [0x0x7ff73e8b684d+3059501]\n\tGetHandleVerifier [0x0x7ff73e8b0c0d+3035885]\n\tGetHandleVerifier [0x0x7ff73e8d0400+3164896]\n\tGetHandleVerifier [0x0x7ff73e5f8c3e+185118]\n\tGetHandleVerifier [0x0x7ff73e60054f+216111]\n\tGetHandleVerifier [0x0x7ff73e5e72e4+113092]\n\tGetHandleVerifier [0x0x7ff73e5e7499+113529]\n\tGetHandleVerifier [0x0x7ff73e5ce298+10616]\n\tBaseThreadInitThunk [0x0x7ff840aa7374+20]\n\tRtlUserThreadStart [0x0x7ff8419dcc91+33]\n\n", "trace": "  File \"C:\\Users\\karun\\PycharmProjects\\PythonProject\\project\\pages\\product_master_page.py\", line 285, in _save_product\n    body = self.driver.find_element(By.TAG_NAME, \"body\")\n  File \"C:\\Users\\karun\\AppData\\Roaming\\Python\\Python313\\site-packages\\selenium\\webdriver\\remote\\webdriver.py\", line 914, in find_element\n    return self.execute(Command.FIND_ELEMENT, {\"using\": by, \"value\": value})[\"value\"]\n           ~~~~~~~~~~~~^^^^^^^^^^^^^^^^^^^^^^^^^^^^^^^^^^^^^^^^^^^^^^^^^^^^^\n  File \"C:\\Users\\karun\\AppData\\Roaming\\Python\\Python313\\site-packages\\selenium\\webdriver\\remote\\webdriver.py\", line 447, in execute\n    self.error_handler.check_response(response)\n    ~~~~~~~~~~~~~~~~~~~~~~~~~~~~~~~~~^^^^^^^^^^\n  File \"C:\\Users\\karun\\AppData\\Roaming\\Python\\Python313\\site-packages\\selenium\\webdriver\\remote\\errorhandler.py\", line 231, in check_response\n    raise exception_class(message, screen, stacktrace, alert_text)  # type: ignore[call-arg]  # mypy is not smart enough here\n    ^^^^^^^^^^^^^^^^^^^^^^^^^^^^^^^^^^^^^^^^^^^^^^^^^^^^^^^^^^^^^^\n"}, "start": 1753601024241, "stop": 1753601024266}], "attachments": [{"name": "Save Product Error", "source": "f9a2bba6-f476-4cb5-a302-247d641f9a8c-attachment.png", "type": "image/png"}], "parameters": [{"name": "product_item", "value": "'Tested99'"}, {"name": "HS_code", "value": "'123'"}, {"name": "unit", "value": "'kg.'"}, {"name": "item_type", "value": "'Service Item'"}, {"name": "description", "value": "'This is description'"}, {"name": "category", "value": "'N/A'"}, {"name": "short_name", "value": "'XYZ'"}, {"name": "purchase_price", "value": "'120'"}, {"name": "sales_price", "value": "'140'"}, {"name": "alt_unit", "value": "'Each'"}, {"name": "conversion_factor", "value": "'1000'"}, {"name": "barcode_map", "value": "'143'"}, {"name": "barcode_unit", "value": "'kg.'"}], "start": 1753600854570, "stop": 1753601024609}], "start": 1753600817237, "stop": 1753601024611}], "attachments": [{"name": "log", "source": "a0d68719-029e-4574-a4b9-e7481fc147a9-attachment.txt", "type": "text/plain"}, {"name": "stdout", "source": "e59fc142-606a-4670-ab3a-e1dc50a92d75-attachment.txt", "type": "text/plain"}, {"name": "stderr", "source": "0f39dbe7-01bf-4370-9f45-7a6e7d55d5b5-attachment.txt", "type": "text/plain"}], "start": 1753600817237, "stop": 1753601024613, "uuid": "3dc5e3af-7f4c-422b-93d6-a793d0a13b24", "historyId": "7af9be3a968fb25ce4e7a00709358d06", "testCaseId": "7af9be3a968fb25ce4e7a00709358d06", "fullName": "test_erp_flow.TestERPFlowCreation#test_purchase_invoice", "labels": [{"name": "story", "value": "Purchase Invoice Creation"}, {"name": "feature", "value": "Test ERP Flow Creation"}, {"name": "suite", "value": "test_erp_flow"}, {"name": "subSuite", "value": "TestERPFlowCreation"}, {"name": "host", "value": "DESKTOP-AOJNATO"}, {"name": "thread", "value": "3552-MainThread"}, {"name": "framework", "value": "pytest"}, {"name": "language", "value": "cpython3"}, {"name": "package", "value": "test_erp_flow"}]}