{"name": "test_product", "status": "broken", "statusDetails": {"message": "test_flow.NavigationError: Failed to click 'Product Master': Message: \nStacktrace:\n\tGetHandleVerifier [0x0x7ff72678e935+77845]\n\tGetHandleVerifier [0x0x7ff72678e990+77936]\n\t(No symbol) [0x0x7ff726549cda]\n\t(No symbol) [0x0x7ff7265a06aa]\n\t(No symbol) [0x0x7ff7265a095c]\n\t(No symbol) [0x0x7ff7265f3d07]\n\t(No symbol) [0x0x7ff7265c890f]\n\t(No symbol) [0x0x7ff7265f0b07]\n\t(No symbol) [0x0x7ff7265c86a3]\n\t(No symbol) [0x0x7ff726591791]\n\t(No symbol) [0x0x7ff726592523]\n\tGetHandleVerifier [0x0x7ff726a6684d+3059501]\n\tGetHandleVerifier [0x0x7ff726a60c0d+3035885]\n\tGetHandleVerifier [0x0x7ff726a80400+3164896]\n\tGetHandleVerifier [0x0x7ff7267a8c3e+185118]\n\tGetHandleVerifier [0x0x7ff7267b054f+216111]\n\tGetHandleVerifier [0x0x7ff7267972e4+113092]\n\tGetHandleVerifier [0x0x7ff726797499+113529]\n\tGetHandleVerifier [0x0x7ff72677e298+10616]\n\tBaseThreadInitThunk [0x0x7ffe85327374+20]\n\tRtlUserThreadStart [0x0x7ffe8617cc91+33]", "trace": "self = <test_flow.TestERPFlowCreation object at 0x000002A4E5CF9310>, product_item = 'citizen1', HS_code = '123'\nunit = 'kg.', item_type = 'Servie Item', description = 'This is description', category = 'N/A', short_name = 'XYZ'\npurchase_price = '120', sales_price = '140', alt_unit = 'Each', conversion_factor = '1000', barcode_map = '578356'\nbarcode_unit = 'kg.'\n\n    @allure.step(\"Creating product master for item: {product_item}\")\n    def product_master(self, product_item, HS_code, unit, item_type,\n                       description, category, short_name, purchase_price, sales_price,\n                       alt_unit, conversion_factor,\n                       barcode_map, barcode_unit):\n        # Wait until the menu is loaded\n        wait = WebDriverWait(self.driver, 10)\n        # Click on \"Masters\"\n        try:\n           with allure.step(\"Clicking on 'Masters' menu\"):\n            Master_menu = self.driver.find_element(By.LINK_TEXT, \"Masters\")\n            Master_menu.click()\n            print(\"Clicked on 'Masters'\")\n        except Exception as e:\n            logger.error(f\"Error clicking 'Masters': {e}\")\n            allure.attach(self.driver.get_screenshot_as_png(),\n                          name=\"Masters Menu Error\",\n                          attachment_type=allure.attachment_type.PNG)\n            raise NavigationError(f\"Failed to click 'Masters': {e}\")\n        time.sleep(5)\n        # Hover over \"inventory_info\"\n        try:\n            inventory_info = wait.until(ec.presence_of_element_located((By.LINK_TEXT, \"Inventory Info\")))\n            ActionChains(self.driver).move_to_element(inventory_info).perform()\n            time.sleep(5)\n        except Exception as e:\n    \n            logger.error(f\"Error hovering over 'Inventory Info': {e}\")\n            allure.attach(self.driver.get_screenshot_as_png(),\n                          name=\"Inventory Info Hover Error\",\n                          attachment_type=allure.attachment_type.PNG)\n            raise NavigationError(f\"Failed to hover over 'Inventory Info': {e}\")\n    \n        # Wait for \"Product Master\" to be visible and click it\n        try:\n            with allure.step(\"Waiting for 'Product Master' to be visible and clicking it\"):\n>              product_master = wait.until(ec.visibility_of_element_located((By.LINK_TEXT, \"Product Master\")))\n                                ^^^^^^^^^^^^^^^^^^^^^^^^^^^^^^^^^^^^^^^^^^^^^^^^^^^^^^^^^^^^^^^^^^^^^^^^^^^^^^\n\ntest_flow.py:234: \n_ _ _ _ _ _ _ _ _ _ _ _ _ _ _ _ _ _ _ _ _ _ _ _ _ _ _ _ _ _ _ _ _ _ _ _ _ _ _ _ _ _ _ _ _ _ _ _ _ _ _ _ _ _ _ _ _ _ _ _\n\nself = <selenium.webdriver.support.wait.WebDriverWait (session=\"9bd1808052b33447cf8b264668fd65fe\")>\nmethod = <function visibility_of_element_located.<locals>._predicate at 0x000002A4E5D2BEC0>, message = ''\n\n    def until(self, method: Callable[[D], Union[Literal[False], T]], message: str = \"\") -> T:\n        \"\"\"Wait until the method returns a value that is not False.\n    \n        Calls the method provided with the driver as an argument until the\n        return value does not evaluate to ``False``.\n    \n        Parameters:\n        -----------\n        method: callable(WebDriver)\n            - A callable object that takes a WebDriver instance as an argument.\n    \n        message: str\n            - Optional message for :exc:`TimeoutException`\n    \n        Return:\n        -------\n        object: T\n            - The result of the last call to `method`\n    \n        Raises:\n        -------\n        TimeoutException\n            - If 'method' does not return a truthy value within the WebDriverWait\n            object's timeout\n    \n        Example:\n        --------\n        >>> from selenium.webdriver.common.by import By\n        >>> from selenium.webdriver.support.ui import WebDriverWait\n        >>> from selenium.webdriver.support import expected_conditions as EC\n    \n        # Wait until an element is visible on the page\n        >>> wait = WebDriverWait(driver, 10)\n        >>> element = wait.until(EC.visibility_of_element_located((By.ID, \"exampleId\")))\n        >>> print(element.text)\n        \"\"\"\n        screen = None\n        stacktrace = None\n    \n        end_time = time.monotonic() + self._timeout\n        while True:\n            try:\n                value = method(self._driver)\n                if value:\n                    return value\n            except self._ignored_exceptions as exc:\n                screen = getattr(exc, \"screen\", None)\n                stacktrace = getattr(exc, \"stacktrace\", None)\n            if time.monotonic() > end_time:\n                break\n            time.sleep(self._poll)\n>       raise TimeoutException(message, screen, stacktrace)\nE       selenium.common.exceptions.TimeoutException: Message: \nE       Stacktrace:\nE       \tGetHandleVerifier [0x0x7ff72678e935+77845]\nE       \tGetHandleVerifier [0x0x7ff72678e990+77936]\nE       \t(No symbol) [0x0x7ff726549cda]\nE       \t(No symbol) [0x0x7ff7265a06aa]\nE       \t(No symbol) [0x0x7ff7265a095c]\nE       \t(No symbol) [0x0x7ff7265f3d07]\nE       \t(No symbol) [0x0x7ff7265c890f]\nE       \t(No symbol) [0x0x7ff7265f0b07]\nE       \t(No symbol) [0x0x7ff7265c86a3]\nE       \t(No symbol) [0x0x7ff726591791]\nE       \t(No symbol) [0x0x7ff726592523]\nE       \tGetHandleVerifier [0x0x7ff726a6684d+3059501]\nE       \tGetHandleVerifier [0x0x7ff726a60c0d+3035885]\nE       \tGetHandleVerifier [0x0x7ff726a80400+3164896]\nE       \tGetHandleVerifier [0x0x7ff7267a8c3e+185118]\nE       \tGetHandleVerifier [0x0x7ff7267b054f+216111]\nE       \tGetHandleVerifier [0x0x7ff7267972e4+113092]\nE       \tGetHandleVerifier [0x0x7ff726797499+113529]\nE       \tGetHandleVerifier [0x0x7ff72677e298+10616]\nE       \tBaseThreadInitThunk [0x0x7ffe85327374+20]\nE       \tRtlUserThreadStart [0x0x7ffe8617cc91+33]\n\n..\\..\\..\\..\\AppData\\Roaming\\Python\\Python313\\site-packages\\selenium\\webdriver\\support\\wait.py:138: TimeoutException\n\nDuring handling of the above exception, another exception occurred:\n\nself = <test_flow.TestERPFlowCreation object at 0x000002A4E5CF9310>\n\n    def test_product(self):\n        allure.step(\"Testing overall flow of the application\")\n        self.login(\"gedehim917@decodewp.com\",\n                   \"Tebahal1!\",\n                   \"https://velvet.webredirect.himshang.com.np/#/pages/dashboard\")\n>       self.product_master(\n            product_item=\"citizen1\",\n    \n            HS_code=\"123\",\n            unit=\"kg.\",\n            item_type=\"Servie Item\",\n            description=\"This is description\",\n            category=\"N/A\",\n            short_name=\"XYZ\",\n            purchase_price=\"120\",\n            sales_price=\"140\",\n            alt_unit=\"Each\",\n            conversion_factor=\"1000\",\n            barcode_map=\"578356\",\n            barcode_unit=\"kg.\")\n\ntest_flow.py:2216: \n_ _ _ _ _ _ _ _ _ _ _ _ _ _ _ _ _ _ _ _ _ _ _ _ _ _ _ _ _ _ _ _ _ _ _ _ _ _ _ _ _ _ _ _ _ _ _ _ _ _ _ _ _ _ _ _ _ _ _ _\n\nself = <test_flow.TestERPFlowCreation object at 0x000002A4E5CF9310>, product_item = 'citizen1', HS_code = '123'\nunit = 'kg.', item_type = 'Servie Item', description = 'This is description', category = 'N/A', short_name = 'XYZ'\npurchase_price = '120', sales_price = '140', alt_unit = 'Each', conversion_factor = '1000', barcode_map = '578356'\nbarcode_unit = 'kg.'\n\n    @allure.step(\"Creating product master for item: {product_item}\")\n    def product_master(self, product_item, HS_code, unit, item_type,\n                       description, category, short_name, purchase_price, sales_price,\n                       alt_unit, conversion_factor,\n                       barcode_map, barcode_unit):\n        # Wait until the menu is loaded\n        wait = WebDriverWait(self.driver, 10)\n        # Click on \"Masters\"\n        try:\n           with allure.step(\"Clicking on 'Masters' menu\"):\n            Master_menu = self.driver.find_element(By.LINK_TEXT, \"Masters\")\n            Master_menu.click()\n            print(\"Clicked on 'Masters'\")\n        except Exception as e:\n            logger.error(f\"Error clicking 'Masters': {e}\")\n            allure.attach(self.driver.get_screenshot_as_png(),\n                          name=\"Masters Menu Error\",\n                          attachment_type=allure.attachment_type.PNG)\n            raise NavigationError(f\"Failed to click 'Masters': {e}\")\n        time.sleep(5)\n        # Hover over \"inventory_info\"\n        try:\n            inventory_info = wait.until(ec.presence_of_element_located((By.LINK_TEXT, \"Inventory Info\")))\n            ActionChains(self.driver).move_to_element(inventory_info).perform()\n            time.sleep(5)\n        except Exception as e:\n    \n            logger.error(f\"Error hovering over 'Inventory Info': {e}\")\n            allure.attach(self.driver.get_screenshot_as_png(),\n                          name=\"Inventory Info Hover Error\",\n                          attachment_type=allure.attachment_type.PNG)\n            raise NavigationError(f\"Failed to hover over 'Inventory Info': {e}\")\n    \n        # Wait for \"Product Master\" to be visible and click it\n        try:\n            with allure.step(\"Waiting for 'Product Master' to be visible and clicking it\"):\n               product_master = wait.until(ec.visibility_of_element_located((By.LINK_TEXT, \"Product Master\")))\n               product_master.click()\n               print(\"Clicked 'Product Master'\")\n               time.sleep(5)\n        except Exception as e:\n            logger.error(f\"Error clicking 'Product Master': {e}\")\n            allure.attach(self.driver.get_screenshot_as_png(),\n                          name=\"Product Master Click Error\",\n                          attachment_type=allure.attachment_type.PNG)\n>           raise NavigationError(f\"Failed to click 'Product Master': {e}\")\nE           test_flow.NavigationError: Failed to click 'Product Master': Message: \nE           Stacktrace:\nE           \tGetHandleVerifier [0x0x7ff72678e935+77845]\nE           \tGetHandleVerifier [0x0x7ff72678e990+77936]\nE           \t(No symbol) [0x0x7ff726549cda]\nE           \t(No symbol) [0x0x7ff7265a06aa]\nE           \t(No symbol) [0x0x7ff7265a095c]\nE           \t(No symbol) [0x0x7ff7265f3d07]\nE           \t(No symbol) [0x0x7ff7265c890f]\nE           \t(No symbol) [0x0x7ff7265f0b07]\nE           \t(No symbol) [0x0x7ff7265c86a3]\nE           \t(No symbol) [0x0x7ff726591791]\nE           \t(No symbol) [0x0x7ff726592523]\nE           \tGetHandleVerifier [0x0x7ff726a6684d+3059501]\nE           \tGetHandleVerifier [0x0x7ff726a60c0d+3035885]\nE           \tGetHandleVerifier [0x0x7ff726a80400+3164896]\nE           \tGetHandleVerifier [0x0x7ff7267a8c3e+185118]\nE           \tGetHandleVerifier [0x0x7ff7267b054f+216111]\nE           \tGetHandleVerifier [0x0x7ff7267972e4+113092]\nE           \tGetHandleVerifier [0x0x7ff726797499+113529]\nE           \tGetHandleVerifier [0x0x7ff72677e298+10616]\nE           \tBaseThreadInitThunk [0x0x7ffe85327374+20]\nE           \tRtlUserThreadStart [0x0x7ffe8617cc91+33]\n\ntest_flow.py:243: NavigationError"}, "steps": [{"name": "Login with username: 'gedehim917@decodewp.com'", "status": "passed", "steps": [{"name": "Detected 'Already Logged In' popup â€” logging out first", "status": "passed", "start": 1753762897573, "stop": 1753762897651}], "parameters": [{"name": "username", "value": "'gedehim917@decodewp.com'"}, {"name": "password", "value": "'Tebahal1!'"}, {"name": "link", "value": "'https://velvet.webredirect.himshang.com.np/#/pages/dashboard'"}], "start": 1753762873002, "stop": 1753762915733}, {"name": "Creating product master for item: 'citizen1'", "status": "broken", "statusDetails": {"message": "test_flow.NavigationError: Failed to click 'Product Master': Message: \nStacktrace:\n\tGetHandleVerifier [0x0x7ff72678e935+77845]\n\tGetHandleVerifier [0x0x7ff72678e990+77936]\n\t(No symbol) [0x0x7ff726549cda]\n\t(No symbol) [0x0x7ff7265a06aa]\n\t(No symbol) [0x0x7ff7265a095c]\n\t(No symbol) [0x0x7ff7265f3d07]\n\t(No symbol) [0x0x7ff7265c890f]\n\t(No symbol) [0x0x7ff7265f0b07]\n\t(No symbol) [0x0x7ff7265c86a3]\n\t(No symbol) [0x0x7ff726591791]\n\t(No symbol) [0x0x7ff726592523]\n\tGetHandleVerifier [0x0x7ff726a6684d+3059501]\n\tGetHandleVerifier [0x0x7ff726a60c0d+3035885]\n\tGetHandleVerifier [0x0x7ff726a80400+3164896]\n\tGetHandleVerifier [0x0x7ff7267a8c3e+185118]\n\tGetHandleVerifier [0x0x7ff7267b054f+216111]\n\tGetHandleVerifier [0x0x7ff7267972e4+113092]\n\tGetHandleVerifier [0x0x7ff726797499+113529]\n\tGetHandleVerifier [0x0x7ff72677e298+10616]\n\tBaseThreadInitThunk [0x0x7ffe85327374+20]\n\tRtlUserThreadStart [0x0x7ffe8617cc91+33]\n\n", "trace": "  File \"C:\\Users\\karun\\AppData\\Roaming\\Python\\Python313\\site-packages\\allure_commons\\_allure.py\", line 202, in impl\n    return func(*a, **kw)\n  File \"C:\\Users\\karun\\PycharmProjects\\PythonProject\\project\\College_defense\\test_flow.py\", line 243, in product_master\n    raise NavigationError(f\"Failed to click 'Product Master': {e}\")\n"}, "steps": [{"name": "Clicking on 'Masters' menu", "status": "passed", "start": 1753762915734, "stop": 1753762916458}, {"name": "Waiting for 'Product Master' to be visible and clicking it", "status": "broken", "statusDetails": {"message": "selenium.common.exceptions.TimeoutException: Message: \nStacktrace:\n\tGetHandleVerifier [0x0x7ff72678e935+77845]\n\tGetHandleVerifier [0x0x7ff72678e990+77936]\n\t(No symbol) [0x0x7ff726549cda]\n\t(No symbol) [0x0x7ff7265a06aa]\n\t(No symbol) [0x0x7ff7265a095c]\n\t(No symbol) [0x0x7ff7265f3d07]\n\t(No symbol) [0x0x7ff7265c890f]\n\t(No symbol) [0x0x7ff7265f0b07]\n\t(No symbol) [0x0x7ff7265c86a3]\n\t(No symbol) [0x0x7ff726591791]\n\t(No symbol) [0x0x7ff726592523]\n\tGetHandleVerifier [0x0x7ff726a6684d+3059501]\n\tGetHandleVerifier [0x0x7ff726a60c0d+3035885]\n\tGetHandleVerifier [0x0x7ff726a80400+3164896]\n\tGetHandleVerifier [0x0x7ff7267a8c3e+185118]\n\tGetHandleVerifier [0x0x7ff7267b054f+216111]\n\tGetHandleVerifier [0x0x7ff7267972e4+113092]\n\tGetHandleVerifier [0x0x7ff726797499+113529]\n\tGetHandleVerifier [0x0x7ff72677e298+10616]\n\tBaseThreadInitThunk [0x0x7ffe85327374+20]\n\tRtlUserThreadStart [0x0x7ffe8617cc91+33]\n\n", "trace": "  File \"C:\\Users\\karun\\PycharmProjects\\PythonProject\\project\\College_defense\\test_flow.py\", line 234, in product_master\n    product_master = wait.until(ec.visibility_of_element_located((By.LINK_TEXT, \"Product Master\")))\n  File \"C:\\Users\\karun\\AppData\\Roaming\\Python\\Python313\\site-packages\\selenium\\webdriver\\support\\wait.py\", line 138, in until\n    raise TimeoutException(message, screen, stacktrace)\n"}, "start": 1753762926789, "stop": 1753762936863}], "attachments": [{"name": "Product Master Click Error", "source": "a0931c7a-4607-4ba0-b169-f8d2d04814ee-attachment.png", "type": "image/png"}], "parameters": [{"name": "product_item", "value": "'citizen1'"}, {"name": "HS_code", "value": "'123'"}, {"name": "unit", "value": "'kg.'"}, {"name": "item_type", "value": "'Servie Item'"}, {"name": "description", "value": "'This is description'"}, {"name": "category", "value": "'N/A'"}, {"name": "short_name", "value": "'XYZ'"}, {"name": "purchase_price", "value": "'120'"}, {"name": "sales_price", "value": "'140'"}, {"name": "alt_unit", "value": "'Each'"}, {"name": "conversion_factor", "value": "'1000'"}, {"name": "barcode_map", "value": "'578356'"}, {"name": "barcode_unit", "value": "'kg.'"}], "start": 1753762915734, "stop": 1753762937242}], "attachments": [{"name": "log", "source": "9084ef28-81b3-41b0-8f35-e51988f1f143-attachment.txt", "type": "text/plain"}, {"name": "stdout", "source": "ec0a1718-108e-41cd-ad78-9ab94cc8d79d-attachment.txt", "type": "text/plain"}], "start": 1753762873001, "stop": 1753762937246, "uuid": "86eec99d-beb9-4f93-a672-8e849fa1df8c", "historyId": "a068f84781427714db367b8b9a831eb7", "testCaseId": "a068f84781427714db367b8b9a831eb7", "fullName": "test_flow.TestERPFlowCreation#test_product", "labels": [{"name": "feature", "value": "Test ERP FLow Creation"}, {"name": "suite", "value": "test_flow"}, {"name": "subSuite", "value": "TestERPFlowCreation"}, {"name": "host", "value": "DESKTOP-AOJNATO"}, {"name": "thread", "value": "1204-MainThread"}, {"name": "framework", "value": "pytest"}, {"name": "language", "value": "cpython3"}, {"name": "package", "value": "test_flow"}]}