{"name": "test_sales_return_partial", "status": "broken", "statusDetails": {"message": "exceptions.custom_exceptions.FormFieldNotFoundError: Failed to show details and add discount: Message: element click intercepted: Element <button _ngcontent-ceq-c486=\"\" type=\"button\" class=\"btn btn-sm btn-info\" style=\"font-size: 10px; padding: 6px;\">...</button> is not clickable at point (881, 205). Other element would receive the click: <button _ngcontent-ceq-c224=\"\" aria-label=\"Close\" class=\"close\">...</button>\n  (Session info: chrome=138.0.7204.169)\nStacktrace:\n\tGetHandleVerifier [0x0x7ff6d9ace935+77845]\n\tGetHandleVerifier [0x0x7ff6d9ace990+77936]\n\t(No symbol) [0x0x7ff6d9889cda]\n\t(No symbol) [0x0x7ff6d98e86a9]\n\t(No symbol) [0x0x7ff6d98e6042]\n\t(No symbol) [0x0x7ff6d98e3081]\n\t(No symbol) [0x0x7ff6d98e1f81]\n\t(No symbol) [0x0x7ff6d98d36c8]\n\t(No symbol) [0x0x7ff6d99088ca]\n\t(No symbol) [0x0x7ff6d98d2f76]\n\t(No symbol) [0x0x7ff6d9908ae0]\n\t(No symbol) [0x0x7ff6d9930b07]\n\t(No symbol) [0x0x7ff6d99086a3]\n\t(No symbol) [0x0x7ff6d98d1791]\n\t(No symbol) [0x0x7ff6d98d2523]\n\tGetHandleVerifier [0x0x7ff6d9da684d+3059501]\n\tGetHandleVerifier [0x0x7ff6d9da0c0d+3035885]\n\tGetHandleVerifier [0x0x7ff6d9dc0400+3164896]\n\tGetHandleVerifier [0x0x7ff6d9ae8c3e+185118]\n\tGetHandleVerifier [0x0x7ff6d9af054f+216111]\n\tGetHandleVerifier [0x0x7ff6d9ad72e4+113092]\n\tGetHandleVerifier [0x0x7ff6d9ad7499+113529]\n\tGetHandleVerifier [0x0x7ff6d9abe298+10616]\n\tBaseThreadInitThunk [0x0x7ff840aa7374+20]\n\tRtlUserThreadStart [0x0x7ff8419dcc91+33]", "trace": "self = <pages.sales_tax_invoice_page.SalesTaxInvoicePage object at 0x000001CD56EBC7D0>\n\n    def _show_details_and_add_discount(self):\n        \"\"\"Show details and add flat discount.\"\"\"\n        try:\n            with allure.step(\"Clicking on 'Show Details'\"):\n                body = self.driver.find_element(By.TAG_NAME, 'body')\n                body.send_keys(Keys.F1)\n                time.sleep(5)\n    \n            with allure.step(\"Adding Flat Discount\"):\n                flat_discount = generate_random_discount()\n                print(f\"Generated Flat Discount: {flat_discount}%\")\n    \n                input_field = self.driver.find_element(*self.FLAT_DISCOUNT_INPUT)\n                input_field.clear()\n                input_field.send_keys(str(flat_discount) + Keys.ENTER)\n                time.sleep(3)\n    \n                after_button = self.wait.until(ec.element_to_be_clickable(self.AFTER_BUTTON))\n>               after_button.click()\n\n..\\pages\\sales_tax_invoice_page.py:195: \n_ _ _ _ _ _ _ _ _ _ _ _ _ _ _ _ _ _ _ _ _ _ _ _ _ _ _ _ _ _ _ _ _ _ _ _ _ _ _ _ _ _ _ _ _ _ _ _ _ _ _ _ _ _ _ _ _ _ _ _\n..\\..\\..\\..\\AppData\\Roaming\\Python\\Python313\\site-packages\\selenium\\webdriver\\remote\\webelement.py:121: in click\n    self._execute(Command.CLICK_ELEMENT)\n..\\..\\..\\..\\AppData\\Roaming\\Python\\Python313\\site-packages\\selenium\\webdriver\\remote\\webelement.py:574: in _execute\n    return self._parent.execute(command, params)\n           ^^^^^^^^^^^^^^^^^^^^^^^^^^^^^^^^^^^^^\n..\\..\\..\\..\\AppData\\Roaming\\Python\\Python313\\site-packages\\selenium\\webdriver\\remote\\webdriver.py:447: in execute\n    self.error_handler.check_response(response)\n_ _ _ _ _ _ _ _ _ _ _ _ _ _ _ _ _ _ _ _ _ _ _ _ _ _ _ _ _ _ _ _ _ _ _ _ _ _ _ _ _ _ _ _ _ _ _ _ _ _ _ _ _ _ _ _ _ _ _ _\n\nself = <selenium.webdriver.remote.errorhandler.ErrorHandler object at 0x000001CD57DAA2C0>\nresponse = {'status': 400, 'value': '{\"value\":{\"error\":\"element click intercepted\",\"message\":\"element click intercepted: Element ...ff6d9abe298+10616]\\\\n\\\\tBaseThreadInitThunk [0x0x7ff840aa7374+20]\\\\n\\\\tRtlUserThreadStart [0x0x7ff8419dcc91+33]\\\\n\"}}'}\n\n    def check_response(self, response: Dict[str, Any]) -> None:\n        \"\"\"Checks that a JSON response from the WebDriver does not have an\n        error.\n    \n        :Args:\n         - response - The JSON response from the WebDriver server as a dictionary\n           object.\n    \n        :Raises: If the response contains an error message.\n        \"\"\"\n        status = response.get(\"status\", None)\n        if not status or status == ErrorCode.SUCCESS:\n            return\n        value = None\n        message = response.get(\"message\", \"\")\n        screen: str = response.get(\"screen\", \"\")\n        stacktrace = None\n        if isinstance(status, int):\n            value_json = response.get(\"value\", None)\n            if value_json and isinstance(value_json, str):\n                import json\n    \n                try:\n                    value = json.loads(value_json)\n                    if len(value) == 1:\n                        value = value[\"value\"]\n                    status = value.get(\"error\", None)\n                    if not status:\n                        status = value.get(\"status\", ErrorCode.UNKNOWN_ERROR)\n                        message = value.get(\"value\") or value.get(\"message\")\n                        if not isinstance(message, str):\n                            value = message\n                            message = message.get(\"message\")\n                    else:\n                        message = value.get(\"message\", None)\n                except ValueError:\n                    pass\n    \n        exception_class: Type[WebDriverException]\n        e = ErrorCode()\n        error_codes = [item for item in dir(e) if not item.startswith(\"__\")]\n        for error_code in error_codes:\n            error_info = getattr(ErrorCode, error_code)\n            if isinstance(error_info, list) and status in error_info:\n                exception_class = getattr(ExceptionMapping, error_code, WebDriverException)\n                break\n        else:\n            exception_class = WebDriverException\n    \n        if not value:\n            value = response[\"value\"]\n        if isinstance(value, str):\n            raise exception_class(value)\n        if message == \"\" and \"message\" in value:\n            message = value[\"message\"]\n    \n        screen = None  # type: ignore[assignment]\n        if \"screen\" in value:\n            screen = value[\"screen\"]\n    \n        stacktrace = None\n        st_value = value.get(\"stackTrace\") or value.get(\"stacktrace\")\n        if st_value:\n            if isinstance(st_value, str):\n                stacktrace = st_value.split(\"\\n\")\n            else:\n                stacktrace = []\n                try:\n                    for frame in st_value:\n                        line = frame.get(\"lineNumber\", \"\")\n                        file = frame.get(\"fileName\", \"<anonymous>\")\n                        if line:\n                            file = f\"{file}:{line}\"\n                        meth = frame.get(\"methodName\", \"<anonymous>\")\n                        if \"className\" in frame:\n                            meth = f\"{frame['className']}.{meth}\"\n                        msg = \"    at %s (%s)\"\n                        msg = msg % (meth, file)\n                        stacktrace.append(msg)\n                except TypeError:\n                    pass\n        if exception_class == UnexpectedAlertPresentException:\n            alert_text = None\n            if \"data\" in value:\n                alert_text = value[\"data\"].get(\"text\")\n            elif \"alert\" in value:\n                alert_text = value[\"alert\"].get(\"text\")\n            raise exception_class(message, screen, stacktrace, alert_text)  # type: ignore[call-arg]  # mypy is not smart enough here\n>       raise exception_class(message, screen, stacktrace)\nE       selenium.common.exceptions.ElementClickInterceptedException: Message: element click intercepted: Element <button _ngcontent-ceq-c486=\"\" type=\"button\" class=\"btn btn-sm btn-info\" style=\"font-size: 10px; padding: 6px;\">...</button> is not clickable at point (881, 205). Other element would receive the click: <button _ngcontent-ceq-c224=\"\" aria-label=\"Close\" class=\"close\">...</button>\nE         (Session info: chrome=138.0.7204.169)\nE       Stacktrace:\nE       \tGetHandleVerifier [0x0x7ff6d9ace935+77845]\nE       \tGetHandleVerifier [0x0x7ff6d9ace990+77936]\nE       \t(No symbol) [0x0x7ff6d9889cda]\nE       \t(No symbol) [0x0x7ff6d98e86a9]\nE       \t(No symbol) [0x0x7ff6d98e6042]\nE       \t(No symbol) [0x0x7ff6d98e3081]\nE       \t(No symbol) [0x0x7ff6d98e1f81]\nE       \t(No symbol) [0x0x7ff6d98d36c8]\nE       \t(No symbol) [0x0x7ff6d99088ca]\nE       \t(No symbol) [0x0x7ff6d98d2f76]\nE       \t(No symbol) [0x0x7ff6d9908ae0]\nE       \t(No symbol) [0x0x7ff6d9930b07]\nE       \t(No symbol) [0x0x7ff6d99086a3]\nE       \t(No symbol) [0x0x7ff6d98d1791]\nE       \t(No symbol) [0x0x7ff6d98d2523]\nE       \tGetHandleVerifier [0x0x7ff6d9da684d+3059501]\nE       \tGetHandleVerifier [0x0x7ff6d9da0c0d+3035885]\nE       \tGetHandleVerifier [0x0x7ff6d9dc0400+3164896]\nE       \tGetHandleVerifier [0x0x7ff6d9ae8c3e+185118]\nE       \tGetHandleVerifier [0x0x7ff6d9af054f+216111]\nE       \tGetHandleVerifier [0x0x7ff6d9ad72e4+113092]\nE       \tGetHandleVerifier [0x0x7ff6d9ad7499+113529]\nE       \tGetHandleVerifier [0x0x7ff6d9abe298+10616]\nE       \tBaseThreadInitThunk [0x0x7ff840aa7374+20]\nE       \tRtlUserThreadStart [0x0x7ff8419dcc91+33]\n\n..\\..\\..\\..\\AppData\\Roaming\\Python\\Python313\\site-packages\\selenium\\webdriver\\remote\\errorhandler.py:232: ElementClickInterceptedException\n\nDuring handling of the above exception, another exception occurred:\n\nself = <tests.test_erp_flow.TestERPFlowCreation object at 0x000001CD56F67950>\ndriver = <selenium.webdriver.chrome.webdriver.WebDriver (session=\"33580da8523cae210c761a0ba0ca818c\")>\n\n    @allure.story(\"Sales Return Partial\")\n    def test_sales_return_partial(self, driver):\n        \"\"\"Test case for partial sales return.\"\"\"\n        with allure.step(\"sales return partial\"):\n            # Login\n            login_page = LoginPage(driver)\n            login_page.login(DEFAULT_USERNAME, DEFAULT_PASSWORD, BASE_URL)\n    \n            # Create sales tax invoice first\n            sales_page = SalesTaxInvoicePage(driver)\n>           sales_page.create_sales_tax_invoice(barcode_sales=2222)\n\ntest_erp_flow.py:156: \n_ _ _ _ _ _ _ _ _ _ _ _ _ _ _ _ _ _ _ _ _ _ _ _ _ _ _ _ _ _ _ _ _ _ _ _ _ _ _ _ _ _ _ _ _ _ _ _ _ _ _ _ _ _ _ _ _ _ _ _\n..\\pages\\sales_tax_invoice_page.py:58: in create_sales_tax_invoice\n    self._show_details_and_add_discount()\n_ _ _ _ _ _ _ _ _ _ _ _ _ _ _ _ _ _ _ _ _ _ _ _ _ _ _ _ _ _ _ _ _ _ _ _ _ _ _ _ _ _ _ _ _ _ _ _ _ _ _ _ _ _ _ _ _ _ _ _\n\nself = <pages.sales_tax_invoice_page.SalesTaxInvoicePage object at 0x000001CD56EBC7D0>\n\n    def _show_details_and_add_discount(self):\n        \"\"\"Show details and add flat discount.\"\"\"\n        try:\n            with allure.step(\"Clicking on 'Show Details'\"):\n                body = self.driver.find_element(By.TAG_NAME, 'body')\n                body.send_keys(Keys.F1)\n                time.sleep(5)\n    \n            with allure.step(\"Adding Flat Discount\"):\n                flat_discount = generate_random_discount()\n                print(f\"Generated Flat Discount: {flat_discount}%\")\n    \n                input_field = self.driver.find_element(*self.FLAT_DISCOUNT_INPUT)\n                input_field.clear()\n                input_field.send_keys(str(flat_discount) + Keys.ENTER)\n                time.sleep(3)\n    \n                after_button = self.wait.until(ec.element_to_be_clickable(self.AFTER_BUTTON))\n                after_button.click()\n        except Exception as e:\n            logger.error(f\"Failed to show details and add discount: {e}\")\n            self.take_screenshot(\"Show Details Discount Error\")\n>           raise FormFieldNotFoundError(f\"Failed to show details and add discount: {e}\")\nE           exceptions.custom_exceptions.FormFieldNotFoundError: Failed to show details and add discount: Message: element click intercepted: Element <button _ngcontent-ceq-c486=\"\" type=\"button\" class=\"btn btn-sm btn-info\" style=\"font-size: 10px; padding: 6px;\">...</button> is not clickable at point (881, 205). Other element would receive the click: <button _ngcontent-ceq-c224=\"\" aria-label=\"Close\" class=\"close\">...</button>\nE             (Session info: chrome=138.0.7204.169)\nE           Stacktrace:\nE           \tGetHandleVerifier [0x0x7ff6d9ace935+77845]\nE           \tGetHandleVerifier [0x0x7ff6d9ace990+77936]\nE           \t(No symbol) [0x0x7ff6d9889cda]\nE           \t(No symbol) [0x0x7ff6d98e86a9]\nE           \t(No symbol) [0x0x7ff6d98e6042]\nE           \t(No symbol) [0x0x7ff6d98e3081]\nE           \t(No symbol) [0x0x7ff6d98e1f81]\nE           \t(No symbol) [0x0x7ff6d98d36c8]\nE           \t(No symbol) [0x0x7ff6d99088ca]\nE           \t(No symbol) [0x0x7ff6d98d2f76]\nE           \t(No symbol) [0x0x7ff6d9908ae0]\nE           \t(No symbol) [0x0x7ff6d9930b07]\nE           \t(No symbol) [0x0x7ff6d99086a3]\nE           \t(No symbol) [0x0x7ff6d98d1791]\nE           \t(No symbol) [0x0x7ff6d98d2523]\nE           \tGetHandleVerifier [0x0x7ff6d9da684d+3059501]\nE           \tGetHandleVerifier [0x0x7ff6d9da0c0d+3035885]\nE           \tGetHandleVerifier [0x0x7ff6d9dc0400+3164896]\nE           \tGetHandleVerifier [0x0x7ff6d9ae8c3e+185118]\nE           \tGetHandleVerifier [0x0x7ff6d9af054f+216111]\nE           \tGetHandleVerifier [0x0x7ff6d9ad72e4+113092]\nE           \tGetHandleVerifier [0x0x7ff6d9ad7499+113529]\nE           \tGetHandleVerifier [0x0x7ff6d9abe298+10616]\nE           \tBaseThreadInitThunk [0x0x7ff840aa7374+20]\nE           \tRtlUserThreadStart [0x0x7ff8419dcc91+33]\n\n..\\pages\\sales_tax_invoice_page.py:199: FormFieldNotFoundError"}, "description": "Test case for partial sales return.", "steps": [{"name": "sales return partial", "status": "broken", "statusDetails": {"message": "exceptions.custom_exceptions.FormFieldNotFoundError: Failed to show details and add discount: Message: element click intercepted: Element <button _ngcontent-ceq-c486=\"\" type=\"button\" class=\"btn btn-sm btn-info\" style=\"font-size: 10px; padding: 6px;\">...</button> is not clickable at point (881, 205). Other element would receive the click: <button _ngcontent-ceq-c224=\"\" aria-label=\"Close\" class=\"close\">...</button>\n  (Session info: chrome=138.0.7204.169)\nStacktrace:\n\tGetHandleVerifier [0x0x7ff6d9ace935+77845]\n\tGetHandleVerifier [0x0x7ff6d9ace990+77936]\n\t(No symbol) [0x0x7ff6d9889cda]\n\t(No symbol) [0x0x7ff6d98e86a9]\n\t(No symbol) [0x0x7ff6d98e6042]\n\t(No symbol) [0x0x7ff6d98e3081]\n\t(No symbol) [0x0x7ff6d98e1f81]\n\t(No symbol) [0x0x7ff6d98d36c8]\n\t(No symbol) [0x0x7ff6d99088ca]\n\t(No symbol) [0x0x7ff6d98d2f76]\n\t(No symbol) [0x0x7ff6d9908ae0]\n\t(No symbol) [0x0x7ff6d9930b07]\n\t(No symbol) [0x0x7ff6d99086a3]\n\t(No symbol) [0x0x7ff6d98d1791]\n\t(No symbol) [0x0x7ff6d98d2523]\n\tGetHandleVerifier [0x0x7ff6d9da684d+3059501]\n\tGetHandleVerifier [0x0x7ff6d9da0c0d+3035885]\n\tGetHandleVerifier [0x0x7ff6d9dc0400+3164896]\n\tGetHandleVerifier [0x0x7ff6d9ae8c3e+185118]\n\tGetHandleVerifier [0x0x7ff6d9af054f+216111]\n\tGetHandleVerifier [0x0x7ff6d9ad72e4+113092]\n\tGetHandleVerifier [0x0x7ff6d9ad7499+113529]\n\tGetHandleVerifier [0x0x7ff6d9abe298+10616]\n\tBaseThreadInitThunk [0x0x7ff840aa7374+20]\n\tRtlUserThreadStart [0x0x7ff8419dcc91+33]\n\n", "trace": "  File \"C:\\Users\\karun\\PycharmProjects\\PythonProject\\project\\tests\\test_erp_flow.py\", line 156, in test_sales_return_partial\n    sales_page.create_sales_tax_invoice(barcode_sales=2222)\n    ~~~~~~~~~~~~~~~~~~~~~~~~~~~~~~~~~~~^^^^^^^^^^^^^^^^^^^^\n  File \"C:\\Users\\karun\\AppData\\Roaming\\Python\\Python313\\site-packages\\allure_commons\\_allure.py\", line 202, in impl\n    return func(*a, **kw)\n  File \"C:\\Users\\karun\\PycharmProjects\\PythonProject\\project\\pages\\sales_tax_invoice_page.py\", line 58, in create_sales_tax_invoice\n    self._show_details_and_add_discount()\n    ~~~~~~~~~~~~~~~~~~~~~~~~~~~~~~~~~~~^^\n  File \"C:\\Users\\karun\\PycharmProjects\\PythonProject\\project\\pages\\sales_tax_invoice_page.py\", line 199, in _show_details_and_add_discount\n    raise FormFieldNotFoundError(f\"Failed to show details and add discount: {e}\")\n"}, "steps": [{"name": "Login with username: 'gedehim917@decodewp.com'", "status": "passed", "steps": [{"name": "Detected 'Already Logged In' popup â€” logging out first", "status": "passed", "start": 1753681495128, "stop": 1753681495226}], "parameters": [{"name": "username", "value": "'gedehim917@decodewp.com'"}, {"name": "password", "value": "'Tebahal1!'"}, {"name": "link", "value": "'https://velvet.webredirect.himshang.com.np/#/pages/dashboard'"}], "start": 1753681472766, "stop": 1753681513338}, {"name": "Creating Sales Tax Invoice with barcode: 2222", "status": "broken", "statusDetails": {"message": "exceptions.custom_exceptions.FormFieldNotFoundError: Failed to show details and add discount: Message: element click intercepted: Element <button _ngcontent-ceq-c486=\"\" type=\"button\" class=\"btn btn-sm btn-info\" style=\"font-size: 10px; padding: 6px;\">...</button> is not clickable at point (881, 205). Other element would receive the click: <button _ngcontent-ceq-c224=\"\" aria-label=\"Close\" class=\"close\">...</button>\n  (Session info: chrome=138.0.7204.169)\nStacktrace:\n\tGetHandleVerifier [0x0x7ff6d9ace935+77845]\n\tGetHandleVerifier [0x0x7ff6d9ace990+77936]\n\t(No symbol) [0x0x7ff6d9889cda]\n\t(No symbol) [0x0x7ff6d98e86a9]\n\t(No symbol) [0x0x7ff6d98e6042]\n\t(No symbol) [0x0x7ff6d98e3081]\n\t(No symbol) [0x0x7ff6d98e1f81]\n\t(No symbol) [0x0x7ff6d98d36c8]\n\t(No symbol) [0x0x7ff6d99088ca]\n\t(No symbol) [0x0x7ff6d98d2f76]\n\t(No symbol) [0x0x7ff6d9908ae0]\n\t(No symbol) [0x0x7ff6d9930b07]\n\t(No symbol) [0x0x7ff6d99086a3]\n\t(No symbol) [0x0x7ff6d98d1791]\n\t(No symbol) [0x0x7ff6d98d2523]\n\tGetHandleVerifier [0x0x7ff6d9da684d+3059501]\n\tGetHandleVerifier [0x0x7ff6d9da0c0d+3035885]\n\tGetHandleVerifier [0x0x7ff6d9dc0400+3164896]\n\tGetHandleVerifier [0x0x7ff6d9ae8c3e+185118]\n\tGetHandleVerifier [0x0x7ff6d9af054f+216111]\n\tGetHandleVerifier [0x0x7ff6d9ad72e4+113092]\n\tGetHandleVerifier [0x0x7ff6d9ad7499+113529]\n\tGetHandleVerifier [0x0x7ff6d9abe298+10616]\n\tBaseThreadInitThunk [0x0x7ff840aa7374+20]\n\tRtlUserThreadStart [0x0x7ff8419dcc91+33]\n\n", "trace": "  File \"C:\\Users\\karun\\AppData\\Roaming\\Python\\Python313\\site-packages\\allure_commons\\_allure.py\", line 202, in impl\n    return func(*a, **kw)\n  File \"C:\\Users\\karun\\PycharmProjects\\PythonProject\\project\\pages\\sales_tax_invoice_page.py\", line 58, in create_sales_tax_invoice\n    self._show_details_and_add_discount()\n    ~~~~~~~~~~~~~~~~~~~~~~~~~~~~~~~~~~~^^\n  File \"C:\\Users\\karun\\PycharmProjects\\PythonProject\\project\\pages\\sales_tax_invoice_page.py\", line 199, in _show_details_and_add_discount\n    raise FormFieldNotFoundError(f\"Failed to show details and add discount: {e}\")\n"}, "steps": [{"name": "Clicking on 'Transactions' menu", "status": "passed", "start": 1753681513338, "stop": 1753681523451}, {"name": "Hovering over 'Sales Transaction'", "status": "passed", "start": 1753681523451, "stop": 1753681528761}, {"name": "Clicking on 'Sales Tax Invoice'", "status": "passed", "start": 1753681528761, "stop": 1753681534377}, {"name": "Generating random reference number", "status": "passed", "start": 1753681534377, "stop": 1753681538996}, {"name": "Entering customer in Customer input field", "status": "passed", "start": 1753681538997, "stop": 1753681555785}, {"name": "Entering remarks for Sales Tax Invoice", "status": "passed", "start": 1753681555785, "stop": 1753681567875}, {"name": "Entering barcode for Sales Tax Invoice", "status": "passed", "start": 1753681567876, "stop": 1753681568844}, {"name": "Generating random quantity for Sales Tax Invoice", "status": "passed", "start": 1753681568844, "stop": 1753681612737}, {"name": "Clicking on 'Show Details'", "status": "passed", "start": 1753681612737, "stop": 1753681618089}, {"name": "Adding Flat Discount", "status": "broken", "statusDetails": {"message": "selenium.common.exceptions.ElementClickInterceptedException: Message: element click intercepted: Element <button _ngcontent-ceq-c486=\"\" type=\"button\" class=\"btn btn-sm btn-info\" style=\"font-size: 10px; padding: 6px;\">...</button> is not clickable at point (881, 205). Other element would receive the click: <button _ngcontent-ceq-c224=\"\" aria-label=\"Close\" class=\"close\">...</button>\n  (Session info: chrome=138.0.7204.169)\nStacktrace:\n\tGetHandleVerifier [0x0x7ff6d9ace935+77845]\n\tGetHandleVerifier [0x0x7ff6d9ace990+77936]\n\t(No symbol) [0x0x7ff6d9889cda]\n\t(No symbol) [0x0x7ff6d98e86a9]\n\t(No symbol) [0x0x7ff6d98e6042]\n\t(No symbol) [0x0x7ff6d98e3081]\n\t(No symbol) [0x0x7ff6d98e1f81]\n\t(No symbol) [0x0x7ff6d98d36c8]\n\t(No symbol) [0x0x7ff6d99088ca]\n\t(No symbol) [0x0x7ff6d98d2f76]\n\t(No symbol) [0x0x7ff6d9908ae0]\n\t(No symbol) [0x0x7ff6d9930b07]\n\t(No symbol) [0x0x7ff6d99086a3]\n\t(No symbol) [0x0x7ff6d98d1791]\n\t(No symbol) [0x0x7ff6d98d2523]\n\tGetHandleVerifier [0x0x7ff6d9da684d+3059501]\n\tGetHandleVerifier [0x0x7ff6d9da0c0d+3035885]\n\tGetHandleVerifier [0x0x7ff6d9dc0400+3164896]\n\tGetHandleVerifier [0x0x7ff6d9ae8c3e+185118]\n\tGetHandleVerifier [0x0x7ff6d9af054f+216111]\n\tGetHandleVerifier [0x0x7ff6d9ad72e4+113092]\n\tGetHandleVerifier [0x0x7ff6d9ad7499+113529]\n\tGetHandleVerifier [0x0x7ff6d9abe298+10616]\n\tBaseThreadInitThunk [0x0x7ff840aa7374+20]\n\tRtlUserThreadStart [0x0x7ff8419dcc91+33]\n\n", "trace": "  File \"C:\\Users\\karun\\PycharmProjects\\PythonProject\\project\\pages\\sales_tax_invoice_page.py\", line 195, in _show_details_and_add_discount\n    after_button.click()\n    ~~~~~~~~~~~~~~~~~~^^\n  File \"C:\\Users\\karun\\AppData\\Roaming\\Python\\Python313\\site-packages\\selenium\\webdriver\\remote\\webelement.py\", line 121, in click\n    self._execute(Command.CLICK_ELEMENT)\n    ~~~~~~~~~~~~~^^^^^^^^^^^^^^^^^^^^^^^\n  File \"C:\\Users\\karun\\AppData\\Roaming\\Python\\Python313\\site-packages\\selenium\\webdriver\\remote\\webelement.py\", line 574, in _execute\n    return self._parent.execute(command, params)\n           ~~~~~~~~~~~~~~~~~~~~^^^^^^^^^^^^^^^^^\n  File \"C:\\Users\\karun\\AppData\\Roaming\\Python\\Python313\\site-packages\\selenium\\webdriver\\remote\\webdriver.py\", line 447, in execute\n    self.error_handler.check_response(response)\n    ~~~~~~~~~~~~~~~~~~~~~~~~~~~~~~~~~^^^^^^^^^^\n  File \"C:\\Users\\karun\\AppData\\Roaming\\Python\\Python313\\site-packages\\selenium\\webdriver\\remote\\errorhandler.py\", line 232, in check_response\n    raise exception_class(message, screen, stacktrace)\n"}, "start": 1753681618089, "stop": 1753681622706}], "attachments": [{"name": "Show Details Discount Error", "source": "30bbe45a-0e67-41ef-a1b2-6db1383336ac-attachment.png", "type": "image/png"}], "parameters": [{"name": "barcode_sales", "value": "2222"}], "start": 1753681513338, "stop": 1753681623007}], "start": 1753681472766, "stop": 1753681623010}], "attachments": [{"name": "log", "source": "64ed4884-5ff7-4f8c-93de-e8fdbda812a1-attachment.txt", "type": "text/plain"}, {"name": "stdout", "source": "4e88b4e7-642a-45b2-ba3d-99d4955b74ee-attachment.txt", "type": "text/plain"}, {"name": "stderr", "source": "da6c651b-7c0e-4d80-ac98-becb55b52d1a-attachment.txt", "type": "text/plain"}], "start": 1753681472766, "stop": 1753681623016, "uuid": "00396711-dd27-4965-875d-93aa068b37f3", "historyId": "b5b3d47544c35a99791635f203655ecd", "testCaseId": "b5b3d47544c35a99791635f203655ecd", "fullName": "test_erp_flow.TestERPFlowCreation#test_sales_return_partial", "labels": [{"name": "feature", "value": "Test ERP Flow Creation"}, {"name": "story", "value": "Sales Return Partial"}, {"name": "suite", "value": "test_erp_flow"}, {"name": "subSuite", "value": "TestERPFlowCreation"}, {"name": "host", "value": "DESKTOP-AOJNATO"}, {"name": "thread", "value": "1672-MainThread"}, {"name": "framework", "value": "pytest"}, {"name": "language", "value": "cpython3"}, {"name": "package", "value": "test_erp_flow"}]}