{"name": "test_flow", "status": "broken", "statusDetails": {"message": "exceptions.custom_exceptions.PopupHandlingError: Failed to handle 'Add Another Product' alert: Message: stale element reference: stale element not found in the current frame\n  (Session info: chrome=138.0.7204.169); For documentation on this error, please visit: https://www.selenium.dev/documentation/webdriver/troubleshooting/errors#stale-element-reference-exception\nStacktrace:\n\tGetHandleVerifier [0x0x7ff656e5e415+77285]\n\tGetHandleVerifier [0x0x7ff656e5e470+77376]\n\t(No symbol) [0x0x7ff656c29a6a]\n\t(No symbol) [0x0x7ff656c31419]\n\t(No symbol) [0x0x7ff656c344cc]\n\t(No symbol) [0x0x7ff656c3459f]\n\t(No symbol) [0x0x7ff656c8132a]\n\t(No symbol) [0x0x7ff656c813f7]\n\t(No symbol) [0x0x7ff656c77752]\n\t(No symbol) [0x0x7ff656ca860a]\n\t(No symbol) [0x0x7ff656c72d06]\n\t(No symbol) [0x0x7ff656ca8820]\n\t(No symbol) [0x0x7ff656cd087f]\n\t(No symbol) [0x0x7ff656ca83e3]\n\t(No symbol) [0x0x7ff656c71521]\n\t(No symbol) [0x0x7ff656c722b3]\n\tGetHandleVerifier [0x0x7ff657141efd+3107021]\n\tGetHandleVerifier [0x0x7ff65713c29d+3083373]\n\tGetHandleVerifier [0x0x7ff65715bedd+3213485]\n\tGetHandleVerifier [0x0x7ff656e7884e+184862]\n\tGetHandleVerifier [0x0x7ff656e8055f+216879]\n\tGetHandleVerifier [0x0x7ff656e67084+113236]\n\tGetHandleVerifier [0x0x7ff656e67239+113673]\n\tGetHandleVerifier [0x0x7ff656e4e298+11368]\n\tBaseThreadInitThunk [0x0x7ffe85327374+20]\n\tRtlUserThreadStart [0x0x7ffe8617cc91+33]", "trace": "self = <pages.product_master_page.ProductMasterPage object at 0x00000201DAE70590>\n\n    def _save_product(self):\n        \"\"\"Save the product and handle confirmation.\"\"\"\n        try:\n            with allure.step(\"Clicking on 'Save' button\"):\n                save_button = self.driver.find_element(*self.SAVE_BUTTON)\n                save_button.click()\n                time.sleep(10)\n    \n            # # Handle \"Do you want to add another product?\" alert\n            # with allure.step(\"Handling 'Do you want to add another product?' alert\"):\n            #     body = self.driver.find_element(By.TAG_NAME, \"body\")\n            #     body.send_keys(Keys.ENTER)\n            #     time.sleep(8)\n    \n        except Exception as e:\n            logger.error(f\"Error saving product: {e}\")\n            self.take_screenshot(\"Save Product Error\")\n            raise PopupHandlingError(f\"Failed to save product: {e}\")\n    \n        try:\n          with allure.step(\"Handling 'Do you wanna add another product?' alert\"):\n               WebDriverWait(self.driver, 10).until(ec.alert_is_present())\n               self.driver.switch_to.alert.dismiss()\n>              self.driver.switch_to.active_element.send_keys(Keys.ENTER)\n\n..\\pages\\product_master_page.py:300: \n_ _ _ _ _ _ _ _ _ _ _ _ _ _ _ _ _ _ _ _ _ _ _ _ _ _ _ _ _ _ _ _ _ _ _ _ _ _ _ _ _ _ _ _ _ _ _ _ _ _ _ _ _ _ _ _ _ _ _ _\n..\\..\\..\\..\\AppData\\Roaming\\Python\\Python313\\site-packages\\selenium\\webdriver\\remote\\webelement.py:305: in send_keys\n    self._execute(\n..\\..\\..\\..\\AppData\\Roaming\\Python\\Python313\\site-packages\\selenium\\webdriver\\remote\\webelement.py:574: in _execute\n    return self._parent.execute(command, params)\n           ^^^^^^^^^^^^^^^^^^^^^^^^^^^^^^^^^^^^^\n..\\..\\..\\..\\AppData\\Roaming\\Python\\Python313\\site-packages\\selenium\\webdriver\\remote\\webdriver.py:447: in execute\n    self.error_handler.check_response(response)\n_ _ _ _ _ _ _ _ _ _ _ _ _ _ _ _ _ _ _ _ _ _ _ _ _ _ _ _ _ _ _ _ _ _ _ _ _ _ _ _ _ _ _ _ _ _ _ _ _ _ _ _ _ _ _ _ _ _ _ _\n\nself = <selenium.webdriver.remote.errorhandler.ErrorHandler object at 0x00000201DA073380>\nresponse = {'status': 404, 'value': '{\"value\":{\"error\":\"stale element reference\",\"message\":\"stale element reference: stale elemen...ff656e4e298+11368]\\\\n\\\\tBaseThreadInitThunk [0x0x7ffe85327374+20]\\\\n\\\\tRtlUserThreadStart [0x0x7ffe8617cc91+33]\\\\n\"}}'}\n\n    def check_response(self, response: Dict[str, Any]) -> None:\n        \"\"\"Checks that a JSON response from the WebDriver does not have an\n        error.\n    \n        :Args:\n         - response - The JSON response from the WebDriver server as a dictionary\n           object.\n    \n        :Raises: If the response contains an error message.\n        \"\"\"\n        status = response.get(\"status\", None)\n        if not status or status == ErrorCode.SUCCESS:\n            return\n        value = None\n        message = response.get(\"message\", \"\")\n        screen: str = response.get(\"screen\", \"\")\n        stacktrace = None\n        if isinstance(status, int):\n            value_json = response.get(\"value\", None)\n            if value_json and isinstance(value_json, str):\n                import json\n    \n                try:\n                    value = json.loads(value_json)\n                    if len(value) == 1:\n                        value = value[\"value\"]\n                    status = value.get(\"error\", None)\n                    if not status:\n                        status = value.get(\"status\", ErrorCode.UNKNOWN_ERROR)\n                        message = value.get(\"value\") or value.get(\"message\")\n                        if not isinstance(message, str):\n                            value = message\n                            message = message.get(\"message\")\n                    else:\n                        message = value.get(\"message\", None)\n                except ValueError:\n                    pass\n    \n        exception_class: Type[WebDriverException]\n        e = ErrorCode()\n        error_codes = [item for item in dir(e) if not item.startswith(\"__\")]\n        for error_code in error_codes:\n            error_info = getattr(ErrorCode, error_code)\n            if isinstance(error_info, list) and status in error_info:\n                exception_class = getattr(ExceptionMapping, error_code, WebDriverException)\n                break\n        else:\n            exception_class = WebDriverException\n    \n        if not value:\n            value = response[\"value\"]\n        if isinstance(value, str):\n            raise exception_class(value)\n        if message == \"\" and \"message\" in value:\n            message = value[\"message\"]\n    \n        screen = None  # type: ignore[assignment]\n        if \"screen\" in value:\n            screen = value[\"screen\"]\n    \n        stacktrace = None\n        st_value = value.get(\"stackTrace\") or value.get(\"stacktrace\")\n        if st_value:\n            if isinstance(st_value, str):\n                stacktrace = st_value.split(\"\\n\")\n            else:\n                stacktrace = []\n                try:\n                    for frame in st_value:\n                        line = frame.get(\"lineNumber\", \"\")\n                        file = frame.get(\"fileName\", \"<anonymous>\")\n                        if line:\n                            file = f\"{file}:{line}\"\n                        meth = frame.get(\"methodName\", \"<anonymous>\")\n                        if \"className\" in frame:\n                            meth = f\"{frame['className']}.{meth}\"\n                        msg = \"    at %s (%s)\"\n                        msg = msg % (meth, file)\n                        stacktrace.append(msg)\n                except TypeError:\n                    pass\n        if exception_class == UnexpectedAlertPresentException:\n            alert_text = None\n            if \"data\" in value:\n                alert_text = value[\"data\"].get(\"text\")\n            elif \"alert\" in value:\n                alert_text = value[\"alert\"].get(\"text\")\n            raise exception_class(message, screen, stacktrace, alert_text)  # type: ignore[call-arg]  # mypy is not smart enough here\n>       raise exception_class(message, screen, stacktrace)\nE       selenium.common.exceptions.StaleElementReferenceException: Message: stale element reference: stale element not found in the current frame\nE         (Session info: chrome=138.0.7204.169); For documentation on this error, please visit: https://www.selenium.dev/documentation/webdriver/troubleshooting/errors#stale-element-reference-exception\nE       Stacktrace:\nE       \tGetHandleVerifier [0x0x7ff656e5e415+77285]\nE       \tGetHandleVerifier [0x0x7ff656e5e470+77376]\nE       \t(No symbol) [0x0x7ff656c29a6a]\nE       \t(No symbol) [0x0x7ff656c31419]\nE       \t(No symbol) [0x0x7ff656c344cc]\nE       \t(No symbol) [0x0x7ff656c3459f]\nE       \t(No symbol) [0x0x7ff656c8132a]\nE       \t(No symbol) [0x0x7ff656c813f7]\nE       \t(No symbol) [0x0x7ff656c77752]\nE       \t(No symbol) [0x0x7ff656ca860a]\nE       \t(No symbol) [0x0x7ff656c72d06]\nE       \t(No symbol) [0x0x7ff656ca8820]\nE       \t(No symbol) [0x0x7ff656cd087f]\nE       \t(No symbol) [0x0x7ff656ca83e3]\nE       \t(No symbol) [0x0x7ff656c71521]\nE       \t(No symbol) [0x0x7ff656c722b3]\nE       \tGetHandleVerifier [0x0x7ff657141efd+3107021]\nE       \tGetHandleVerifier [0x0x7ff65713c29d+3083373]\nE       \tGetHandleVerifier [0x0x7ff65715bedd+3213485]\nE       \tGetHandleVerifier [0x0x7ff656e7884e+184862]\nE       \tGetHandleVerifier [0x0x7ff656e8055f+216879]\nE       \tGetHandleVerifier [0x0x7ff656e67084+113236]\nE       \tGetHandleVerifier [0x0x7ff656e67239+113673]\nE       \tGetHandleVerifier [0x0x7ff656e4e298+11368]\nE       \tBaseThreadInitThunk [0x0x7ffe85327374+20]\nE       \tRtlUserThreadStart [0x0x7ffe8617cc91+33]\n\n..\\..\\..\\..\\AppData\\Roaming\\Python\\Python313\\site-packages\\selenium\\webdriver\\remote\\errorhandler.py:232: StaleElementReferenceException\n\nDuring handling of the above exception, another exception occurred:\n\nself = <tests.test_erp_flow.TestERPFlowCreation object at 0x00000201DAE21810>\ndriver = <selenium.webdriver.chrome.webdriver.WebDriver (session=\"e8f40577a8dbb5cdfb5b80df290c58b6\")>\n\n    @allure.story(\"testing small flow\")\n    def test_flow(self, driver):\n        \"\"\"Test case for creating sales tax invoice.\"\"\"\n        with allure.step(\"Sales a product item\"):\n            # Login\n            login_page = LoginPage(driver)\n            login_page.login(DEFAULT_USERNAME, DEFAULT_PASSWORD, BASE_URL)\n    \n            # Create product master\n            product_page = ProductMasterPage(driver)\n>           product_page.create_product_master(\n                product_item=\"bb\",\n                HS_code=\"123\",\n                unit=\"Each\",\n                item_type=\"Inventory Item\",\n                description=\"This is description\",\n                category=\"N/A\",\n                short_name=\"XYZ\",\n                purchase_price=\"120\",\n                sales_price=\"140\",\n                alt_unit=\"kg\",\n                conversion_factor=\"1000\",\n                barcode_map=\"82\",\n                barcode_unit=\"Each\"\n            )\n\ntest_erp_flow.py:92: \n_ _ _ _ _ _ _ _ _ _ _ _ _ _ _ _ _ _ _ _ _ _ _ _ _ _ _ _ _ _ _ _ _ _ _ _ _ _ _ _ _ _ _ _ _ _ _ _ _ _ _ _ _ _ _ _ _ _ _ _\n..\\pages\\product_master_page.py:185: in create_product_master\n    self._save_product()\n_ _ _ _ _ _ _ _ _ _ _ _ _ _ _ _ _ _ _ _ _ _ _ _ _ _ _ _ _ _ _ _ _ _ _ _ _ _ _ _ _ _ _ _ _ _ _ _ _ _ _ _ _ _ _ _ _ _ _ _\n\nself = <pages.product_master_page.ProductMasterPage object at 0x00000201DAE70590>\n\n    def _save_product(self):\n        \"\"\"Save the product and handle confirmation.\"\"\"\n        try:\n            with allure.step(\"Clicking on 'Save' button\"):\n                save_button = self.driver.find_element(*self.SAVE_BUTTON)\n                save_button.click()\n                time.sleep(10)\n    \n            # # Handle \"Do you want to add another product?\" alert\n            # with allure.step(\"Handling 'Do you want to add another product?' alert\"):\n            #     body = self.driver.find_element(By.TAG_NAME, \"body\")\n            #     body.send_keys(Keys.ENTER)\n            #     time.sleep(8)\n    \n        except Exception as e:\n            logger.error(f\"Error saving product: {e}\")\n            self.take_screenshot(\"Save Product Error\")\n            raise PopupHandlingError(f\"Failed to save product: {e}\")\n    \n        try:\n          with allure.step(\"Handling 'Do you wanna add another product?' alert\"):\n               WebDriverWait(self.driver, 10).until(ec.alert_is_present())\n               self.driver.switch_to.alert.dismiss()\n               self.driver.switch_to.active_element.send_keys(Keys.ENTER)\n               time.sleep(8)\n    \n        except Exception  as e:\n            logger.error(f\"Error handling 'Do you wanna add another product?' alert: {e}\")\n            allure.attach(self.driver.get_screenshot_as_png(),\n                          name=\"Add Another Product Alert Error\",\n                          attachment_type=allure.attachment_type.PNG)\n>           raise PopupHandlingError(f\"Failed to handle 'Add Another Product' alert: {e}\")\nE           exceptions.custom_exceptions.PopupHandlingError: Failed to handle 'Add Another Product' alert: Message: stale element reference: stale element not found in the current frame\nE             (Session info: chrome=138.0.7204.169); For documentation on this error, please visit: https://www.selenium.dev/documentation/webdriver/troubleshooting/errors#stale-element-reference-exception\nE           Stacktrace:\nE           \tGetHandleVerifier [0x0x7ff656e5e415+77285]\nE           \tGetHandleVerifier [0x0x7ff656e5e470+77376]\nE           \t(No symbol) [0x0x7ff656c29a6a]\nE           \t(No symbol) [0x0x7ff656c31419]\nE           \t(No symbol) [0x0x7ff656c344cc]\nE           \t(No symbol) [0x0x7ff656c3459f]\nE           \t(No symbol) [0x0x7ff656c8132a]\nE           \t(No symbol) [0x0x7ff656c813f7]\nE           \t(No symbol) [0x0x7ff656c77752]\nE           \t(No symbol) [0x0x7ff656ca860a]\nE           \t(No symbol) [0x0x7ff656c72d06]\nE           \t(No symbol) [0x0x7ff656ca8820]\nE           \t(No symbol) [0x0x7ff656cd087f]\nE           \t(No symbol) [0x0x7ff656ca83e3]\nE           \t(No symbol) [0x0x7ff656c71521]\nE           \t(No symbol) [0x0x7ff656c722b3]\nE           \tGetHandleVerifier [0x0x7ff657141efd+3107021]\nE           \tGetHandleVerifier [0x0x7ff65713c29d+3083373]\nE           \tGetHandleVerifier [0x0x7ff65715bedd+3213485]\nE           \tGetHandleVerifier [0x0x7ff656e7884e+184862]\nE           \tGetHandleVerifier [0x0x7ff656e8055f+216879]\nE           \tGetHandleVerifier [0x0x7ff656e67084+113236]\nE           \tGetHandleVerifier [0x0x7ff656e67239+113673]\nE           \tGetHandleVerifier [0x0x7ff656e4e298+11368]\nE           \tBaseThreadInitThunk [0x0x7ffe85327374+20]\nE           \tRtlUserThreadStart [0x0x7ffe8617cc91+33]\n\n..\\pages\\product_master_page.py:308: PopupHandlingError"}, "description": "Test case for creating sales tax invoice.", "steps": [{"name": "Sales a product item", "status": "broken", "statusDetails": {"message": "exceptions.custom_exceptions.PopupHandlingError: Failed to handle 'Add Another Product' alert: Message: stale element reference: stale element not found in the current frame\n  (Session info: chrome=138.0.7204.169); For documentation on this error, please visit: https://www.selenium.dev/documentation/webdriver/troubleshooting/errors#stale-element-reference-exception\nStacktrace:\n\tGetHandleVerifier [0x0x7ff656e5e415+77285]\n\tGetHandleVerifier [0x0x7ff656e5e470+77376]\n\t(No symbol) [0x0x7ff656c29a6a]\n\t(No symbol) [0x0x7ff656c31419]\n\t(No symbol) [0x0x7ff656c344cc]\n\t(No symbol) [0x0x7ff656c3459f]\n\t(No symbol) [0x0x7ff656c8132a]\n\t(No symbol) [0x0x7ff656c813f7]\n\t(No symbol) [0x0x7ff656c77752]\n\t(No symbol) [0x0x7ff656ca860a]\n\t(No symbol) [0x0x7ff656c72d06]\n\t(No symbol) [0x0x7ff656ca8820]\n\t(No symbol) [0x0x7ff656cd087f]\n\t(No symbol) [0x0x7ff656ca83e3]\n\t(No symbol) [0x0x7ff656c71521]\n\t(No symbol) [0x0x7ff656c722b3]\n\tGetHandleVerifier [0x0x7ff657141efd+3107021]\n\tGetHandleVerifier [0x0x7ff65713c29d+3083373]\n\tGetHandleVerifier [0x0x7ff65715bedd+3213485]\n\tGetHandleVerifier [0x0x7ff656e7884e+184862]\n\tGetHandleVerifier [0x0x7ff656e8055f+216879]\n\tGetHandleVerifier [0x0x7ff656e67084+113236]\n\tGetHandleVerifier [0x0x7ff656e67239+113673]\n\tGetHandleVerifier [0x0x7ff656e4e298+11368]\n\tBaseThreadInitThunk [0x0x7ffe85327374+20]\n\tRtlUserThreadStart [0x0x7ffe8617cc91+33]\n\n", "trace": "  File \"C:\\Users\\karun\\PycharmProjects\\PythonProject\\New_flow\\tests\\test_erp_flow.py\", line 92, in test_flow\n    product_page.create_product_master(\n    ~~~~~~~~~~~~~~~~~~~~~~~~~~~~~~~~~~^\n        product_item=\"bb\",\n        ^^^^^^^^^^^^^^^^^^\n    ...<11 lines>...\n        barcode_unit=\"Each\"\n        ^^^^^^^^^^^^^^^^^^^\n    )\n    ^\n  File \"C:\\Users\\karun\\AppData\\Roaming\\Python\\Python313\\site-packages\\allure_commons\\_allure.py\", line 202, in impl\n    return func(*a, **kw)\n  File \"C:\\Users\\karun\\PycharmProjects\\PythonProject\\New_flow\\pages\\product_master_page.py\", line 185, in create_product_master\n    self._save_product()\n    ~~~~~~~~~~~~~~~~~~^^\n  File \"C:\\Users\\karun\\PycharmProjects\\PythonProject\\New_flow\\pages\\product_master_page.py\", line 308, in _save_product\n    raise PopupHandlingError(f\"Failed to handle 'Add Another Product' alert: {e}\")\n"}, "steps": [{"name": "Login with username: 'gedehim917@decodewp.com'", "status": "passed", "steps": [{"name": "Detected 'Already Logged In' popup â€” logging out first", "status": "passed", "start": 1753853957419, "stop": 1753853957517}], "parameters": [{"name": "username", "value": "'gedehim917@decodewp.com'"}, {"name": "password", "value": "'Tebahal1!'"}, {"name": "link", "value": "'https://velvet.webredirect.himshang.com.np/#/pages/dashboard'"}], "start": 1753853932837, "stop": 1753853975623}, {"name": "Creating product master for item: 'bb'", "status": "broken", "statusDetails": {"message": "exceptions.custom_exceptions.PopupHandlingError: Failed to handle 'Add Another Product' alert: Message: stale element reference: stale element not found in the current frame\n  (Session info: chrome=138.0.7204.169); For documentation on this error, please visit: https://www.selenium.dev/documentation/webdriver/troubleshooting/errors#stale-element-reference-exception\nStacktrace:\n\tGetHandleVerifier [0x0x7ff656e5e415+77285]\n\tGetHandleVerifier [0x0x7ff656e5e470+77376]\n\t(No symbol) [0x0x7ff656c29a6a]\n\t(No symbol) [0x0x7ff656c31419]\n\t(No symbol) [0x0x7ff656c344cc]\n\t(No symbol) [0x0x7ff656c3459f]\n\t(No symbol) [0x0x7ff656c8132a]\n\t(No symbol) [0x0x7ff656c813f7]\n\t(No symbol) [0x0x7ff656c77752]\n\t(No symbol) [0x0x7ff656ca860a]\n\t(No symbol) [0x0x7ff656c72d06]\n\t(No symbol) [0x0x7ff656ca8820]\n\t(No symbol) [0x0x7ff656cd087f]\n\t(No symbol) [0x0x7ff656ca83e3]\n\t(No symbol) [0x0x7ff656c71521]\n\t(No symbol) [0x0x7ff656c722b3]\n\tGetHandleVerifier [0x0x7ff657141efd+3107021]\n\tGetHandleVerifier [0x0x7ff65713c29d+3083373]\n\tGetHandleVerifier [0x0x7ff65715bedd+3213485]\n\tGetHandleVerifier [0x0x7ff656e7884e+184862]\n\tGetHandleVerifier [0x0x7ff656e8055f+216879]\n\tGetHandleVerifier [0x0x7ff656e67084+113236]\n\tGetHandleVerifier [0x0x7ff656e67239+113673]\n\tGetHandleVerifier [0x0x7ff656e4e298+11368]\n\tBaseThreadInitThunk [0x0x7ffe85327374+20]\n\tRtlUserThreadStart [0x0x7ffe8617cc91+33]\n\n", "trace": "  File \"C:\\Users\\karun\\AppData\\Roaming\\Python\\Python313\\site-packages\\allure_commons\\_allure.py\", line 202, in impl\n    return func(*a, **kw)\n  File \"C:\\Users\\karun\\PycharmProjects\\PythonProject\\New_flow\\pages\\product_master_page.py\", line 185, in create_product_master\n    self._save_product()\n    ~~~~~~~~~~~~~~~~~~^^\n  File \"C:\\Users\\karun\\PycharmProjects\\PythonProject\\New_flow\\pages\\product_master_page.py\", line 308, in _save_product\n    raise PopupHandlingError(f\"Failed to handle 'Add Another Product' alert: {e}\")\n"}, "steps": [{"name": "Clicking on 'Masters' menu", "status": "passed", "start": 1753853975633, "stop": 1753853976034}, {"name": "Waiting for 'Product Master' to be visible and clicking it", "status": "passed", "start": 1753853986344, "stop": 1753853991601}, {"name": "Clicking on 'Add Product' button", "status": "passed", "start": 1753853991601, "stop": 1753854001737}, {"name": "Clicking 'Add Product' label", "status": "passed", "start": 1753854001737, "stop": 1753854010001}, {"name": "Clicking on Item Group input field", "status": "passed", "start": 1753854013081, "stop": 1753854023280}, {"name": "Clicking on main group input field", "status": "passed", "start": 1753854023280, "stop": 1753854031716}, {"name": "Entering product item name", "status": "passed", "start": 1753854031716, "stop": 1753854031899}, {"name": "Entering purchase price", "status": "passed", "start": 1753854067832, "stop": 1753854078020}, {"name": "Entering sales price", "status": "passed", "start": 1753854078020, "stop": 1753854088275}, {"name": "Navigating to Alternate Unit tab", "status": "passed", "start": 1753854088275, "stop": 1753854096425}, {"name": "Clicking on 'Add Barcode' button", "status": "passed", "start": 1753854101888, "stop": 1753854110015}, {"name": "Clicking on 'Save' button", "status": "passed", "start": 1753854146357, "stop": 1753854156461}, {"name": "Handling 'Do you wanna add another product?' alert", "status": "broken", "statusDetails": {"message": "selenium.common.exceptions.StaleElementReferenceException: Message: stale element reference: stale element not found in the current frame\n  (Session info: chrome=138.0.7204.169); For documentation on this error, please visit: https://www.selenium.dev/documentation/webdriver/troubleshooting/errors#stale-element-reference-exception\nStacktrace:\n\tGetHandleVerifier [0x0x7ff656e5e415+77285]\n\tGetHandleVerifier [0x0x7ff656e5e470+77376]\n\t(No symbol) [0x0x7ff656c29a6a]\n\t(No symbol) [0x0x7ff656c31419]\n\t(No symbol) [0x0x7ff656c344cc]\n\t(No symbol) [0x0x7ff656c3459f]\n\t(No symbol) [0x0x7ff656c8132a]\n\t(No symbol) [0x0x7ff656c813f7]\n\t(No symbol) [0x0x7ff656c77752]\n\t(No symbol) [0x0x7ff656ca860a]\n\t(No symbol) [0x0x7ff656c72d06]\n\t(No symbol) [0x0x7ff656ca8820]\n\t(No symbol) [0x0x7ff656cd087f]\n\t(No symbol) [0x0x7ff656ca83e3]\n\t(No symbol) [0x0x7ff656c71521]\n\t(No symbol) [0x0x7ff656c722b3]\n\tGetHandleVerifier [0x0x7ff657141efd+3107021]\n\tGetHandleVerifier [0x0x7ff65713c29d+3083373]\n\tGetHandleVerifier [0x0x7ff65715bedd+3213485]\n\tGetHandleVerifier [0x0x7ff656e7884e+184862]\n\tGetHandleVerifier [0x0x7ff656e8055f+216879]\n\tGetHandleVerifier [0x0x7ff656e67084+113236]\n\tGetHandleVerifier [0x0x7ff656e67239+113673]\n\tGetHandleVerifier [0x0x7ff656e4e298+11368]\n\tBaseThreadInitThunk [0x0x7ffe85327374+20]\n\tRtlUserThreadStart [0x0x7ffe8617cc91+33]\n\n", "trace": "  File \"C:\\Users\\karun\\PycharmProjects\\PythonProject\\New_flow\\pages\\product_master_page.py\", line 300, in _save_product\n    self.driver.switch_to.active_element.send_keys(Keys.ENTER)\n    ~~~~~~~~~~~~~~~~~~~~~~~~~~~~~~~~~~~~~~~~~~~~~~^^^^^^^^^^^^\n  File \"C:\\Users\\karun\\AppData\\Roaming\\Python\\Python313\\site-packages\\selenium\\webdriver\\remote\\webelement.py\", line 305, in send_keys\n    self._execute(\n    ~~~~~~~~~~~~~^\n        Command.SEND_KEYS_TO_ELEMENT, {\"text\": \"\".join(keys_to_typing(value)), \"value\": keys_to_typing(value)}\n        ^^^^^^^^^^^^^^^^^^^^^^^^^^^^^^^^^^^^^^^^^^^^^^^^^^^^^^^^^^^^^^^^^^^^^^^^^^^^^^^^^^^^^^^^^^^^^^^^^^^^^^\n    )\n    ^\n  File \"C:\\Users\\karun\\AppData\\Roaming\\Python\\Python313\\site-packages\\selenium\\webdriver\\remote\\webelement.py\", line 574, in _execute\n    return self._parent.execute(command, params)\n           ~~~~~~~~~~~~~~~~~~~~^^^^^^^^^^^^^^^^^\n  File \"C:\\Users\\karun\\AppData\\Roaming\\Python\\Python313\\site-packages\\selenium\\webdriver\\remote\\webdriver.py\", line 447, in execute\n    self.error_handler.check_response(response)\n    ~~~~~~~~~~~~~~~~~~~~~~~~~~~~~~~~~^^^^^^^^^^\n  File \"C:\\Users\\karun\\AppData\\Roaming\\Python\\Python313\\site-packages\\selenium\\webdriver\\remote\\errorhandler.py\", line 232, in check_response\n    raise exception_class(message, screen, stacktrace)\n"}, "start": 1753854156461, "stop": 1753854156669}], "attachments": [{"name": "Add Another Product Alert Error", "source": "8b85dd07-91ed-40c8-9866-77cef4a4e02d-attachment.png", "type": "image/png"}], "parameters": [{"name": "product_item", "value": "'bb'"}, {"name": "HS_code", "value": "'123'"}, {"name": "unit", "value": "'Each'"}, {"name": "item_type", "value": "'Inventory Item'"}, {"name": "description", "value": "'This is description'"}, {"name": "category", "value": "'N/A'"}, {"name": "short_name", "value": "'XYZ'"}, {"name": "purchase_price", "value": "'120'"}, {"name": "sales_price", "value": "'140'"}, {"name": "alt_unit", "value": "'kg'"}, {"name": "conversion_factor", "value": "'1000'"}, {"name": "barcode_map", "value": "'82'"}, {"name": "barcode_unit", "value": "'Each'"}], "start": 1753853975631, "stop": 1753854156886}], "start": 1753853932837, "stop": 1753854156888}], "attachments": [{"name": "log", "source": "2251e084-f55d-449d-8448-57e8df524f17-attachment.txt", "type": "text/plain"}, {"name": "stdout", "source": "d2ec3478-e1a0-4b84-aa99-bd5cbb699bdf-attachment.txt", "type": "text/plain"}, {"name": "stderr", "source": "3edd6eaa-207e-44d0-b9d7-b4b6d1e21bba-attachment.txt", "type": "text/plain"}], "start": 1753853932837, "stop": 1753854156890, "uuid": "30ca82a6-2ae7-4628-b37e-c41a22a35f12", "historyId": "4d9a86512e4e1b0ad33326f14d5eb7d8", "testCaseId": "4d9a86512e4e1b0ad33326f14d5eb7d8", "fullName": "test_erp_flow.TestERPFlowCreation#test_flow", "labels": [{"name": "feature", "value": "Test ERP Flow Creation"}, {"name": "story", "value": "testing small flow"}, {"name": "suite", "value": "test_erp_flow"}, {"name": "subSuite", "value": "TestERPFlowCreation"}, {"name": "host", "value": "DESKTOP-AOJNATO"}, {"name": "thread", "value": "13508-MainThread"}, {"name": "framework", "value": "pytest"}, {"name": "language", "value": "cpython3"}, {"name": "package", "value": "test_erp_flow"}]}