{"name": "test_flow", "status": "broken", "statusDetails": {"message": "exceptions.custom_exceptions.PopupHandlingError: Failed to save product: Alert Text: Data Saved Successfully. Do you want to continue adding products to this group ?\nMessage: unexpected alert open: {Alert text : Data Saved Successfully. Do you want to continue adding products to this group ?}\n  (Session info: chrome=138.0.7204.169)\nStacktrace:\n\tGetHandleVerifier [0x0x7ff6883be415+77285]\n\tGetHandleVerifier [0x0x7ff6883be470+77376]\n\t(No symbol) [0x0x7ff688189a6a]\n\t(No symbol) [0x0x7ff688231336]\n\t(No symbol) [0x0x7ff6882083e3]\n\t(No symbol) [0x0x7ff6881d1521]\n\t(No symbol) [0x0x7ff6881d22b3]\n\tGetHandleVerifier [0x0x7ff6886a1efd+3107021]\n\tGetHandleVerifier [0x0x7ff68869c29d+3083373]\n\tGetHandleVerifier [0x0x7ff6886bbedd+3213485]\n\tGetHandleVerifier [0x0x7ff6883d884e+184862]\n\tGetHandleVerifier [0x0x7ff6883e055f+216879]\n\tGetHandleVerifier [0x0x7ff6883c7084+113236]\n\tGetHandleVerifier [0x0x7ff6883c7239+113673]\n\tGetHandleVerifier [0x0x7ff6883ae298+11368]\n\tBaseThreadInitThunk [0x0x7ffe85327374+20]\n\tRtlUserThreadStart [0x0x7ffe8617cc91+33]", "trace": "self = <pages.product_master_page.ProductMasterPage object at 0x000002ECBF160590>\n\n    def _save_product(self):\n        \"\"\"Save the product and handle confirmation.\"\"\"\n        try:\n            with allure.step(\"Clicking on 'Save' button\"):\n                save_button = self.driver.find_element(*self.SAVE_BUTTON)\n                save_button.click()\n                time.sleep(10)\n    \n            # Handle \"Do you want to add another product?\" alert\n            with allure.step(\"Handling 'Do you wanna add another product?' alert\"):\n>               body = self.driver.find_element(By.TAG_NAME, \"body\")\n                       ^^^^^^^^^^^^^^^^^^^^^^^^^^^^^^^^^^^^^^^^^^^^^\n\n..\\pages\\product_master_page.py:285: \n_ _ _ _ _ _ _ _ _ _ _ _ _ _ _ _ _ _ _ _ _ _ _ _ _ _ _ _ _ _ _ _ _ _ _ _ _ _ _ _ _ _ _ _ _ _ _ _ _ _ _ _ _ _ _ _ _ _ _ _\n..\\..\\..\\..\\AppData\\Roaming\\Python\\Python313\\site-packages\\selenium\\webdriver\\remote\\webdriver.py:914: in find_element\n    return self.execute(Command.FIND_ELEMENT, {\"using\": by, \"value\": value})[\"value\"]\n           ^^^^^^^^^^^^^^^^^^^^^^^^^^^^^^^^^^^^^^^^^^^^^^^^^^^^^^^^^^^^^^^^^\n..\\..\\..\\..\\AppData\\Roaming\\Python\\Python313\\site-packages\\selenium\\webdriver\\remote\\webdriver.py:447: in execute\n    self.error_handler.check_response(response)\n_ _ _ _ _ _ _ _ _ _ _ _ _ _ _ _ _ _ _ _ _ _ _ _ _ _ _ _ _ _ _ _ _ _ _ _ _ _ _ _ _ _ _ _ _ _ _ _ _ _ _ _ _ _ _ _ _ _ _ _\n\nself = <selenium.webdriver.remote.errorhandler.ErrorHandler object at 0x000002ECBE367380>\nresponse = {'status': 500, 'value': '{\"value\":{\"data\":{\"text\":\"Data Saved Successfully. Do you want to continue adding products t...ff6883ae298+11368]\\\\n\\\\tBaseThreadInitThunk [0x0x7ffe85327374+20]\\\\n\\\\tRtlUserThreadStart [0x0x7ffe8617cc91+33]\\\\n\"}}'}\n\n    def check_response(self, response: Dict[str, Any]) -> None:\n        \"\"\"Checks that a JSON response from the WebDriver does not have an\n        error.\n    \n        :Args:\n         - response - The JSON response from the WebDriver server as a dictionary\n           object.\n    \n        :Raises: If the response contains an error message.\n        \"\"\"\n        status = response.get(\"status\", None)\n        if not status or status == ErrorCode.SUCCESS:\n            return\n        value = None\n        message = response.get(\"message\", \"\")\n        screen: str = response.get(\"screen\", \"\")\n        stacktrace = None\n        if isinstance(status, int):\n            value_json = response.get(\"value\", None)\n            if value_json and isinstance(value_json, str):\n                import json\n    \n                try:\n                    value = json.loads(value_json)\n                    if len(value) == 1:\n                        value = value[\"value\"]\n                    status = value.get(\"error\", None)\n                    if not status:\n                        status = value.get(\"status\", ErrorCode.UNKNOWN_ERROR)\n                        message = value.get(\"value\") or value.get(\"message\")\n                        if not isinstance(message, str):\n                            value = message\n                            message = message.get(\"message\")\n                    else:\n                        message = value.get(\"message\", None)\n                except ValueError:\n                    pass\n    \n        exception_class: Type[WebDriverException]\n        e = ErrorCode()\n        error_codes = [item for item in dir(e) if not item.startswith(\"__\")]\n        for error_code in error_codes:\n            error_info = getattr(ErrorCode, error_code)\n            if isinstance(error_info, list) and status in error_info:\n                exception_class = getattr(ExceptionMapping, error_code, WebDriverException)\n                break\n        else:\n            exception_class = WebDriverException\n    \n        if not value:\n            value = response[\"value\"]\n        if isinstance(value, str):\n            raise exception_class(value)\n        if message == \"\" and \"message\" in value:\n            message = value[\"message\"]\n    \n        screen = None  # type: ignore[assignment]\n        if \"screen\" in value:\n            screen = value[\"screen\"]\n    \n        stacktrace = None\n        st_value = value.get(\"stackTrace\") or value.get(\"stacktrace\")\n        if st_value:\n            if isinstance(st_value, str):\n                stacktrace = st_value.split(\"\\n\")\n            else:\n                stacktrace = []\n                try:\n                    for frame in st_value:\n                        line = frame.get(\"lineNumber\", \"\")\n                        file = frame.get(\"fileName\", \"<anonymous>\")\n                        if line:\n                            file = f\"{file}:{line}\"\n                        meth = frame.get(\"methodName\", \"<anonymous>\")\n                        if \"className\" in frame:\n                            meth = f\"{frame['className']}.{meth}\"\n                        msg = \"    at %s (%s)\"\n                        msg = msg % (meth, file)\n                        stacktrace.append(msg)\n                except TypeError:\n                    pass\n        if exception_class == UnexpectedAlertPresentException:\n            alert_text = None\n            if \"data\" in value:\n                alert_text = value[\"data\"].get(\"text\")\n            elif \"alert\" in value:\n                alert_text = value[\"alert\"].get(\"text\")\n>           raise exception_class(message, screen, stacktrace, alert_text)  # type: ignore[call-arg]  # mypy is not smart enough here\n            ^^^^^^^^^^^^^^^^^^^^^^^^^^^^^^^^^^^^^^^^^^^^^^^^^^^^^^^^^^^^^^\nE           selenium.common.exceptions.UnexpectedAlertPresentException: Alert Text: Data Saved Successfully. Do you want to continue adding products to this group ?\nE           Message: unexpected alert open: {Alert text : Data Saved Successfully. Do you want to continue adding products to this group ?}\nE             (Session info: chrome=138.0.7204.169)\nE           Stacktrace:\nE           \tGetHandleVerifier [0x0x7ff6883be415+77285]\nE           \tGetHandleVerifier [0x0x7ff6883be470+77376]\nE           \t(No symbol) [0x0x7ff688189a6a]\nE           \t(No symbol) [0x0x7ff688231336]\nE           \t(No symbol) [0x0x7ff6882083e3]\nE           \t(No symbol) [0x0x7ff6881d1521]\nE           \t(No symbol) [0x0x7ff6881d22b3]\nE           \tGetHandleVerifier [0x0x7ff6886a1efd+3107021]\nE           \tGetHandleVerifier [0x0x7ff68869c29d+3083373]\nE           \tGetHandleVerifier [0x0x7ff6886bbedd+3213485]\nE           \tGetHandleVerifier [0x0x7ff6883d884e+184862]\nE           \tGetHandleVerifier [0x0x7ff6883e055f+216879]\nE           \tGetHandleVerifier [0x0x7ff6883c7084+113236]\nE           \tGetHandleVerifier [0x0x7ff6883c7239+113673]\nE           \tGetHandleVerifier [0x0x7ff6883ae298+11368]\nE           \tBaseThreadInitThunk [0x0x7ffe85327374+20]\nE           \tRtlUserThreadStart [0x0x7ffe8617cc91+33]\n\n..\\..\\..\\..\\AppData\\Roaming\\Python\\Python313\\site-packages\\selenium\\webdriver\\remote\\errorhandler.py:231: UnexpectedAlertPresentException\n\nDuring handling of the above exception, another exception occurred:\n\nself = <tests.test_erp_flow.TestERPFlowCreation object at 0x000002ECBF111810>\ndriver = <selenium.webdriver.chrome.webdriver.WebDriver (session=\"96e60138539879006b35e53d6e1eb1e5\")>\n\n    @allure.story(\"testing small flow\")\n    def test_flow(self, driver):\n        \"\"\"Test case for creating sales tax invoice.\"\"\"\n        with allure.step(\"Sales a product item\"):\n            # Login\n            login_page = LoginPage(driver)\n            login_page.login(DEFAULT_USERNAME, DEFAULT_PASSWORD, BASE_URL)\n    \n            # Create product master\n            product_page = ProductMasterPage(driver)\n>           product_page.create_product_master(\n                product_item=\"abcb\",\n                HS_code=\"123\",\n                unit=\"Each\",\n                item_type=\"Inventory Item\",\n                description=\"This is description\",\n                category=\"N/A\",\n                short_name=\"XYZ\",\n                purchase_price=\"120\",\n                sales_price=\"140\",\n                alt_unit=\"kg\",\n                conversion_factor=\"1000\",\n                barcode_map=\"8722\",\n                barcode_unit=\"Each\"\n            )\n\ntest_erp_flow.py:92: \n_ _ _ _ _ _ _ _ _ _ _ _ _ _ _ _ _ _ _ _ _ _ _ _ _ _ _ _ _ _ _ _ _ _ _ _ _ _ _ _ _ _ _ _ _ _ _ _ _ _ _ _ _ _ _ _ _ _ _ _\n..\\pages\\product_master_page.py:183: in create_product_master\n    self._save_product()\n_ _ _ _ _ _ _ _ _ _ _ _ _ _ _ _ _ _ _ _ _ _ _ _ _ _ _ _ _ _ _ _ _ _ _ _ _ _ _ _ _ _ _ _ _ _ _ _ _ _ _ _ _ _ _ _ _ _ _ _\n\nself = <pages.product_master_page.ProductMasterPage object at 0x000002ECBF160590>\n\n    def _save_product(self):\n        \"\"\"Save the product and handle confirmation.\"\"\"\n        try:\n            with allure.step(\"Clicking on 'Save' button\"):\n                save_button = self.driver.find_element(*self.SAVE_BUTTON)\n                save_button.click()\n                time.sleep(10)\n    \n            # Handle \"Do you want to add another product?\" alert\n            with allure.step(\"Handling 'Do you wanna add another product?' alert\"):\n                body = self.driver.find_element(By.TAG_NAME, \"body\")\n                body.send_keys(Keys.ENTER)\n                time.sleep(10)\n    \n        except Exception as e:\n            logger.error(f\"Error saving product: {e}\")\n            self.take_screenshot(\"Save Product Error\")\n>           raise PopupHandlingError(f\"Failed to save product: {e}\")\nE           exceptions.custom_exceptions.PopupHandlingError: Failed to save product: Alert Text: Data Saved Successfully. Do you want to continue adding products to this group ?\nE           Message: unexpected alert open: {Alert text : Data Saved Successfully. Do you want to continue adding products to this group ?}\nE             (Session info: chrome=138.0.7204.169)\nE           Stacktrace:\nE           \tGetHandleVerifier [0x0x7ff6883be415+77285]\nE           \tGetHandleVerifier [0x0x7ff6883be470+77376]\nE           \t(No symbol) [0x0x7ff688189a6a]\nE           \t(No symbol) [0x0x7ff688231336]\nE           \t(No symbol) [0x0x7ff6882083e3]\nE           \t(No symbol) [0x0x7ff6881d1521]\nE           \t(No symbol) [0x0x7ff6881d22b3]\nE           \tGetHandleVerifier [0x0x7ff6886a1efd+3107021]\nE           \tGetHandleVerifier [0x0x7ff68869c29d+3083373]\nE           \tGetHandleVerifier [0x0x7ff6886bbedd+3213485]\nE           \tGetHandleVerifier [0x0x7ff6883d884e+184862]\nE           \tGetHandleVerifier [0x0x7ff6883e055f+216879]\nE           \tGetHandleVerifier [0x0x7ff6883c7084+113236]\nE           \tGetHandleVerifier [0x0x7ff6883c7239+113673]\nE           \tGetHandleVerifier [0x0x7ff6883ae298+11368]\nE           \tBaseThreadInitThunk [0x0x7ffe85327374+20]\nE           \tRtlUserThreadStart [0x0x7ffe8617cc91+33]\n\n..\\pages\\product_master_page.py:292: PopupHandlingError"}, "description": "Test case for creating sales tax invoice.", "steps": [{"name": "Sales a product item", "status": "broken", "statusDetails": {"message": "exceptions.custom_exceptions.PopupHandlingError: Failed to save product: Alert Text: Data Saved Successfully. Do you want to continue adding products to this group ?\nMessage: unexpected alert open: {Alert text : Data Saved Successfully. Do you want to continue adding products to this group ?}\n  (Session info: chrome=138.0.7204.169)\nStacktrace:\n\tGetHandleVerifier [0x0x7ff6883be415+77285]\n\tGetHandleVerifier [0x0x7ff6883be470+77376]\n\t(No symbol) [0x0x7ff688189a6a]\n\t(No symbol) [0x0x7ff688231336]\n\t(No symbol) [0x0x7ff6882083e3]\n\t(No symbol) [0x0x7ff6881d1521]\n\t(No symbol) [0x0x7ff6881d22b3]\n\tGetHandleVerifier [0x0x7ff6886a1efd+3107021]\n\tGetHandleVerifier [0x0x7ff68869c29d+3083373]\n\tGetHandleVerifier [0x0x7ff6886bbedd+3213485]\n\tGetHandleVerifier [0x0x7ff6883d884e+184862]\n\tGetHandleVerifier [0x0x7ff6883e055f+216879]\n\tGetHandleVerifier [0x0x7ff6883c7084+113236]\n\tGetHandleVerifier [0x0x7ff6883c7239+113673]\n\tGetHandleVerifier [0x0x7ff6883ae298+11368]\n\tBaseThreadInitThunk [0x0x7ffe85327374+20]\n\tRtlUserThreadStart [0x0x7ffe8617cc91+33]\n\n", "trace": "  File \"C:\\Users\\karun\\PycharmProjects\\PythonProject\\New_flow\\tests\\test_erp_flow.py\", line 92, in test_flow\n    product_page.create_product_master(\n    ~~~~~~~~~~~~~~~~~~~~~~~~~~~~~~~~~~^\n        product_item=\"abcb\",\n        ^^^^^^^^^^^^^^^^^^^^\n    ...<11 lines>...\n        barcode_unit=\"Each\"\n        ^^^^^^^^^^^^^^^^^^^\n    )\n    ^\n  File \"C:\\Users\\karun\\AppData\\Roaming\\Python\\Python313\\site-packages\\allure_commons\\_allure.py\", line 202, in impl\n    return func(*a, **kw)\n  File \"C:\\Users\\karun\\PycharmProjects\\PythonProject\\New_flow\\pages\\product_master_page.py\", line 183, in create_product_master\n    self._save_product()\n    ~~~~~~~~~~~~~~~~~~^^\n  File \"C:\\Users\\karun\\PycharmProjects\\PythonProject\\New_flow\\pages\\product_master_page.py\", line 292, in _save_product\n    raise PopupHandlingError(f\"Failed to save product: {e}\")\n"}, "steps": [{"name": "Login with username: 'gedehim917@decodewp.com'", "status": "passed", "steps": [{"name": "Detected 'Already Logged In' popup â€” logging out first", "status": "passed", "start": 1753850947355, "stop": 1753850947478}], "parameters": [{"name": "username", "value": "'gedehim917@decodewp.com'"}, {"name": "password", "value": "'Tebahal1!'"}, {"name": "link", "value": "'https://velvet.webredirect.himshang.com.np/#/pages/dashboard'"}], "start": 1753850932497, "stop": 1753850965634}, {"name": "Creating product master for item: 'abcb'", "status": "broken", "statusDetails": {"message": "exceptions.custom_exceptions.PopupHandlingError: Failed to save product: Alert Text: Data Saved Successfully. Do you want to continue adding products to this group ?\nMessage: unexpected alert open: {Alert text : Data Saved Successfully. Do you want to continue adding products to this group ?}\n  (Session info: chrome=138.0.7204.169)\nStacktrace:\n\tGetHandleVerifier [0x0x7ff6883be415+77285]\n\tGetHandleVerifier [0x0x7ff6883be470+77376]\n\t(No symbol) [0x0x7ff688189a6a]\n\t(No symbol) [0x0x7ff688231336]\n\t(No symbol) [0x0x7ff6882083e3]\n\t(No symbol) [0x0x7ff6881d1521]\n\t(No symbol) [0x0x7ff6881d22b3]\n\tGetHandleVerifier [0x0x7ff6886a1efd+3107021]\n\tGetHandleVerifier [0x0x7ff68869c29d+3083373]\n\tGetHandleVerifier [0x0x7ff6886bbedd+3213485]\n\tGetHandleVerifier [0x0x7ff6883d884e+184862]\n\tGetHandleVerifier [0x0x7ff6883e055f+216879]\n\tGetHandleVerifier [0x0x7ff6883c7084+113236]\n\tGetHandleVerifier [0x0x7ff6883c7239+113673]\n\tGetHandleVerifier [0x0x7ff6883ae298+11368]\n\tBaseThreadInitThunk [0x0x7ffe85327374+20]\n\tRtlUserThreadStart [0x0x7ffe8617cc91+33]\n\n", "trace": "  File \"C:\\Users\\karun\\AppData\\Roaming\\Python\\Python313\\site-packages\\allure_commons\\_allure.py\", line 202, in impl\n    return func(*a, **kw)\n  File \"C:\\Users\\karun\\PycharmProjects\\PythonProject\\New_flow\\pages\\product_master_page.py\", line 183, in create_product_master\n    self._save_product()\n    ~~~~~~~~~~~~~~~~~~^^\n  File \"C:\\Users\\karun\\PycharmProjects\\PythonProject\\New_flow\\pages\\product_master_page.py\", line 292, in _save_product\n    raise PopupHandlingError(f\"Failed to save product: {e}\")\n"}, "steps": [{"name": "Clicking on 'Masters' menu", "status": "passed", "start": 1753850965635, "stop": 1753850965995}, {"name": "Waiting for 'Product Master' to be visible and clicking it", "status": "passed", "start": 1753850976308, "stop": 1753850981557}, {"name": "Clicking on 'Add Product' button", "status": "passed", "start": 1753850981557, "stop": 1753850991691}, {"name": "Clicking 'Add Product' label", "status": "passed", "start": 1753850991692, "stop": 1753850999964}, {"name": "Clicking on Item Group input field", "status": "passed", "start": 1753851003063, "stop": 1753851013255}, {"name": "Clicking on main group input field", "status": "passed", "start": 1753851013256, "stop": 1753851021663}, {"name": "Entering product item name", "status": "passed", "start": 1753851021664, "stop": 1753851021861}, {"name": "Entering purchase price", "status": "passed", "start": 1753851057771, "stop": 1753851067947}, {"name": "Entering sales price", "status": "passed", "start": 1753851067947, "stop": 1753851078188}, {"name": "Navigating to Alternate Unit tab", "status": "passed", "start": 1753851078188, "stop": 1753851086388}, {"name": "Clicking on 'Add Barcode' button", "status": "passed", "start": 1753851091810, "stop": 1753851099941}, {"name": "Clicking on 'Save' button", "status": "passed", "start": 1753851125582, "stop": 1753851135678}, {"name": "Handling 'Do you wanna add another product?' alert", "status": "broken", "statusDetails": {"message": "selenium.common.exceptions.UnexpectedAlertPresentException: Alert Text: Data Saved Successfully. Do you want to continue adding products to this group ?\nMessage: unexpected alert open: {Alert text : Data Saved Successfully. Do you want to continue adding products to this group ?}\n  (Session info: chrome=138.0.7204.169)\nStacktrace:\n\tGetHandleVerifier [0x0x7ff6883be415+77285]\n\tGetHandleVerifier [0x0x7ff6883be470+77376]\n\t(No symbol) [0x0x7ff688189a6a]\n\t(No symbol) [0x0x7ff688231336]\n\t(No symbol) [0x0x7ff6882083e3]\n\t(No symbol) [0x0x7ff6881d1521]\n\t(No symbol) [0x0x7ff6881d22b3]\n\tGetHandleVerifier [0x0x7ff6886a1efd+3107021]\n\tGetHandleVerifier [0x0x7ff68869c29d+3083373]\n\tGetHandleVerifier [0x0x7ff6886bbedd+3213485]\n\tGetHandleVerifier [0x0x7ff6883d884e+184862]\n\tGetHandleVerifier [0x0x7ff6883e055f+216879]\n\tGetHandleVerifier [0x0x7ff6883c7084+113236]\n\tGetHandleVerifier [0x0x7ff6883c7239+113673]\n\tGetHandleVerifier [0x0x7ff6883ae298+11368]\n\tBaseThreadInitThunk [0x0x7ffe85327374+20]\n\tRtlUserThreadStart [0x0x7ffe8617cc91+33]\n\n", "trace": "  File \"C:\\Users\\karun\\PycharmProjects\\PythonProject\\New_flow\\pages\\product_master_page.py\", line 285, in _save_product\n    body = self.driver.find_element(By.TAG_NAME, \"body\")\n  File \"C:\\Users\\karun\\AppData\\Roaming\\Python\\Python313\\site-packages\\selenium\\webdriver\\remote\\webdriver.py\", line 914, in find_element\n    return self.execute(Command.FIND_ELEMENT, {\"using\": by, \"value\": value})[\"value\"]\n           ~~~~~~~~~~~~^^^^^^^^^^^^^^^^^^^^^^^^^^^^^^^^^^^^^^^^^^^^^^^^^^^^^\n  File \"C:\\Users\\karun\\AppData\\Roaming\\Python\\Python313\\site-packages\\selenium\\webdriver\\remote\\webdriver.py\", line 447, in execute\n    self.error_handler.check_response(response)\n    ~~~~~~~~~~~~~~~~~~~~~~~~~~~~~~~~~^^^^^^^^^^\n  File \"C:\\Users\\karun\\AppData\\Roaming\\Python\\Python313\\site-packages\\selenium\\webdriver\\remote\\errorhandler.py\", line 231, in check_response\n    raise exception_class(message, screen, stacktrace, alert_text)  # type: ignore[call-arg]  # mypy is not smart enough here\n    ^^^^^^^^^^^^^^^^^^^^^^^^^^^^^^^^^^^^^^^^^^^^^^^^^^^^^^^^^^^^^^\n"}, "start": 1753851135678, "stop": 1753851135684}], "attachments": [{"name": "Save Product Error", "source": "21a373ec-038d-4961-adb2-9a05ad648521-attachment.png", "type": "image/png"}], "parameters": [{"name": "product_item", "value": "'abcb'"}, {"name": "HS_code", "value": "'123'"}, {"name": "unit", "value": "'Each'"}, {"name": "item_type", "value": "'Inventory Item'"}, {"name": "description", "value": "'This is description'"}, {"name": "category", "value": "'N/A'"}, {"name": "short_name", "value": "'XYZ'"}, {"name": "purchase_price", "value": "'120'"}, {"name": "sales_price", "value": "'140'"}, {"name": "alt_unit", "value": "'kg'"}, {"name": "conversion_factor", "value": "'1000'"}, {"name": "barcode_map", "value": "'8722'"}, {"name": "barcode_unit", "value": "'Each'"}], "start": 1753850965635, "stop": 1753851135933}], "start": 1753850932497, "stop": 1753851135936}], "attachments": [{"name": "log", "source": "6754f6bd-9d38-4aaf-8cf3-dd6edfc90fe4-attachment.txt", "type": "text/plain"}, {"name": "stdout", "source": "0db38ef2-43bb-43b6-b98b-b24f7cd542ac-attachment.txt", "type": "text/plain"}, {"name": "stderr", "source": "aaf2af92-7ea6-40eb-9370-fd5c9254c43f-attachment.txt", "type": "text/plain"}], "start": 1753850932497, "stop": 1753851135941, "uuid": "7a4787fc-b125-4c2e-bef4-3cdd61bfc873", "historyId": "4d9a86512e4e1b0ad33326f14d5eb7d8", "testCaseId": "4d9a86512e4e1b0ad33326f14d5eb7d8", "fullName": "test_erp_flow.TestERPFlowCreation#test_flow", "labels": [{"name": "story", "value": "testing small flow"}, {"name": "feature", "value": "Test ERP Flow Creation"}, {"name": "suite", "value": "test_erp_flow"}, {"name": "subSuite", "value": "TestERPFlowCreation"}, {"name": "host", "value": "DESKTOP-AOJNATO"}, {"name": "thread", "value": "11560-MainThread"}, {"name": "framework", "value": "pytest"}, {"name": "language", "value": "cpython3"}, {"name": "package", "value": "test_erp_flow"}]}