{"name": "test_purchase_return", "status": "broken", "statusDetails": {"message": "exceptions.custom_exceptions.NavigationError: Failed to navigate to Purchase Return: Message: \nStacktrace:\n\tGetHandleVerifier [0x0x7ff73e5de935+77845]\n\tGetHandleVerifier [0x0x7ff73e5de990+77936]\n\t(No symbol) [0x0x7ff73e399cda]\n\t(No symbol) [0x0x7ff73e3f06aa]\n\t(No symbol) [0x0x7ff73e3f095c]\n\t(No symbol) [0x0x7ff73e443d07]\n\t(No symbol) [0x0x7ff73e41890f]\n\t(No symbol) [0x0x7ff73e440b07]\n\t(No symbol) [0x0x7ff73e4186a3]\n\t(No symbol) [0x0x7ff73e3e1791]\n\t(No symbol) [0x0x7ff73e3e2523]\n\tGetHandleVerifier [0x0x7ff73e8b684d+3059501]\n\tGetHandleVerifier [0x0x7ff73e8b0c0d+3035885]\n\tGetHandleVerifier [0x0x7ff73e8d0400+3164896]\n\tGetHandleVerifier [0x0x7ff73e5f8c3e+185118]\n\tGetHandleVerifier [0x0x7ff73e60054f+216111]\n\tGetHandleVerifier [0x0x7ff73e5e72e4+113092]\n\tGetHandleVerifier [0x0x7ff73e5e7499+113529]\n\tGetHandleVerifier [0x0x7ff73e5ce298+10616]\n\tBaseThreadInitThunk [0x0x7ff840aa7374+20]\n\tRtlUserThreadStart [0x0x7ff8419dcc91+33]", "trace": "self = <pages.purchase_return_page.PurchaseReturnPage object at 0x00000216B418FA10>\n\n    def _navigate_to_purchase_return(self):\n        \"\"\"Navigate to Purchase Return page.\"\"\"\n        try:\n            with allure.step(\"Clicking on 'Transactions' menu\"):\n                transaction_menu = self.driver.find_element(*self.TRANSACTIONS_MENU)\n                transaction_menu.click()\n                print(\"Clicked on 'Transactions'\")\n    \n            with allure.step(\"Hovering over 'Purchase Transaction'\"):\n                purchase_transaction = self.wait.until(ec.presence_of_element_located(self.PURCHASE_TRANSACTION_MENU))\n                ActionChains(self.driver).move_to_element(purchase_transaction).perform()\n                time.sleep(8)\n    \n            with allure.step(\"Clicking on 'Purchase Return'\"):\n>               debit_note = self.wait.until(ec.visibility_of_element_located(self.DEBIT_NOTE_MENU))\n                             ^^^^^^^^^^^^^^^^^^^^^^^^^^^^^^^^^^^^^^^^^^^^^^^^^^^^^^^^^^^^^^^^^^^^^^^\n\n..\\pages\\purchase_return_page.py:66: \n_ _ _ _ _ _ _ _ _ _ _ _ _ _ _ _ _ _ _ _ _ _ _ _ _ _ _ _ _ _ _ _ _ _ _ _ _ _ _ _ _ _ _ _ _ _ _ _ _ _ _ _ _ _ _ _ _ _ _ _\n\nself = <selenium.webdriver.support.wait.WebDriverWait (session=\"4c513abf0652fdabf25cda3c741d07d3\")>\nmethod = <function visibility_of_element_located.<locals>._predicate at 0x00000216B56C1800>, message = ''\n\n    def until(self, method: Callable[[D], Union[Literal[False], T]], message: str = \"\") -> T:\n        \"\"\"Wait until the method returns a value that is not False.\n    \n        Calls the method provided with the driver as an argument until the\n        return value does not evaluate to ``False``.\n    \n        Parameters:\n        -----------\n        method: callable(WebDriver)\n            - A callable object that takes a WebDriver instance as an argument.\n    \n        message: str\n            - Optional message for :exc:`TimeoutException`\n    \n        Return:\n        -------\n        object: T\n            - The result of the last call to `method`\n    \n        Raises:\n        -------\n        TimeoutException\n            - If 'method' does not return a truthy value within the WebDriverWait\n            object's timeout\n    \n        Example:\n        --------\n        >>> from selenium.webdriver.common.by import By\n        >>> from selenium.webdriver.support.ui import WebDriverWait\n        >>> from selenium.webdriver.support import expected_conditions as EC\n    \n        # Wait until an element is visible on the page\n        >>> wait = WebDriverWait(driver, 10)\n        >>> element = wait.until(EC.visibility_of_element_located((By.ID, \"exampleId\")))\n        >>> print(element.text)\n        \"\"\"\n        screen = None\n        stacktrace = None\n    \n        end_time = time.monotonic() + self._timeout\n        while True:\n            try:\n                value = method(self._driver)\n                if value:\n                    return value\n            except self._ignored_exceptions as exc:\n                screen = getattr(exc, \"screen\", None)\n                stacktrace = getattr(exc, \"stacktrace\", None)\n            if time.monotonic() > end_time:\n                break\n            time.sleep(self._poll)\n>       raise TimeoutException(message, screen, stacktrace)\nE       selenium.common.exceptions.TimeoutException: Message: \nE       Stacktrace:\nE       \tGetHandleVerifier [0x0x7ff73e5de935+77845]\nE       \tGetHandleVerifier [0x0x7ff73e5de990+77936]\nE       \t(No symbol) [0x0x7ff73e399cda]\nE       \t(No symbol) [0x0x7ff73e3f06aa]\nE       \t(No symbol) [0x0x7ff73e3f095c]\nE       \t(No symbol) [0x0x7ff73e443d07]\nE       \t(No symbol) [0x0x7ff73e41890f]\nE       \t(No symbol) [0x0x7ff73e440b07]\nE       \t(No symbol) [0x0x7ff73e4186a3]\nE       \t(No symbol) [0x0x7ff73e3e1791]\nE       \t(No symbol) [0x0x7ff73e3e2523]\nE       \tGetHandleVerifier [0x0x7ff73e8b684d+3059501]\nE       \tGetHandleVerifier [0x0x7ff73e8b0c0d+3035885]\nE       \tGetHandleVerifier [0x0x7ff73e8d0400+3164896]\nE       \tGetHandleVerifier [0x0x7ff73e5f8c3e+185118]\nE       \tGetHandleVerifier [0x0x7ff73e60054f+216111]\nE       \tGetHandleVerifier [0x0x7ff73e5e72e4+113092]\nE       \tGetHandleVerifier [0x0x7ff73e5e7499+113529]\nE       \tGetHandleVerifier [0x0x7ff73e5ce298+10616]\nE       \tBaseThreadInitThunk [0x0x7ff840aa7374+20]\nE       \tRtlUserThreadStart [0x0x7ff8419dcc91+33]\n\n..\\..\\..\\..\\AppData\\Roaming\\Python\\Python313\\site-packages\\selenium\\webdriver\\support\\wait.py:138: TimeoutException\n\nDuring handling of the above exception, another exception occurred:\n\nself = <tests.test_erp_flow.TestERPFlowCreation object at 0x00000216B4713A80>\ndriver = <selenium.webdriver.chrome.webdriver.WebDriver (session=\"4c513abf0652fdabf25cda3c741d07d3\")>\n\n    @allure.story(\"Purchase Return\")\n    def test_purchase_return(self, driver):\n        \"\"\"Test case for purchase return.\"\"\"\n        with allure.step(\"Return a purchase invoice\"):\n            # Login\n            login_page = LoginPage(driver)\n            login_page.login(DEFAULT_USERNAME, DEFAULT_PASSWORD, BASE_URL)\n    \n            # Create purchase return\n            purchase_return_page = PurchaseReturnPage(driver)\n>           purchase_return_page.create_purchase_return(\n                remarks=\"Testing Purchase Return by automation.\"\n            )\n\ntest_erp_flow.py:126: \n_ _ _ _ _ _ _ _ _ _ _ _ _ _ _ _ _ _ _ _ _ _ _ _ _ _ _ _ _ _ _ _ _ _ _ _ _ _ _ _ _ _ _ _ _ _ _ _ _ _ _ _ _ _ _ _ _ _ _ _\n..\\pages\\purchase_return_page.py:35: in create_purchase_return\n    self._navigate_to_purchase_return()\n_ _ _ _ _ _ _ _ _ _ _ _ _ _ _ _ _ _ _ _ _ _ _ _ _ _ _ _ _ _ _ _ _ _ _ _ _ _ _ _ _ _ _ _ _ _ _ _ _ _ _ _ _ _ _ _ _ _ _ _\n\nself = <pages.purchase_return_page.PurchaseReturnPage object at 0x00000216B418FA10>\n\n    def _navigate_to_purchase_return(self):\n        \"\"\"Navigate to Purchase Return page.\"\"\"\n        try:\n            with allure.step(\"Clicking on 'Transactions' menu\"):\n                transaction_menu = self.driver.find_element(*self.TRANSACTIONS_MENU)\n                transaction_menu.click()\n                print(\"Clicked on 'Transactions'\")\n    \n            with allure.step(\"Hovering over 'Purchase Transaction'\"):\n                purchase_transaction = self.wait.until(ec.presence_of_element_located(self.PURCHASE_TRANSACTION_MENU))\n                ActionChains(self.driver).move_to_element(purchase_transaction).perform()\n                time.sleep(8)\n    \n            with allure.step(\"Clicking on 'Purchase Return'\"):\n                debit_note = self.wait.until(ec.visibility_of_element_located(self.DEBIT_NOTE_MENU))\n                debit_note.click()\n                print(\"Clicked 'debit note'\")\n                time.sleep(8)\n        except Exception as e:\n            logger.error(f\"Failed to navigate to Purchase Return: {e}\")\n            self.take_screenshot(\"Navigation Error\")\n>           raise NavigationError(f\"Failed to navigate to Purchase Return: {e}\")\nE           exceptions.custom_exceptions.NavigationError: Failed to navigate to Purchase Return: Message: \nE           Stacktrace:\nE           \tGetHandleVerifier [0x0x7ff73e5de935+77845]\nE           \tGetHandleVerifier [0x0x7ff73e5de990+77936]\nE           \t(No symbol) [0x0x7ff73e399cda]\nE           \t(No symbol) [0x0x7ff73e3f06aa]\nE           \t(No symbol) [0x0x7ff73e3f095c]\nE           \t(No symbol) [0x0x7ff73e443d07]\nE           \t(No symbol) [0x0x7ff73e41890f]\nE           \t(No symbol) [0x0x7ff73e440b07]\nE           \t(No symbol) [0x0x7ff73e4186a3]\nE           \t(No symbol) [0x0x7ff73e3e1791]\nE           \t(No symbol) [0x0x7ff73e3e2523]\nE           \tGetHandleVerifier [0x0x7ff73e8b684d+3059501]\nE           \tGetHandleVerifier [0x0x7ff73e8b0c0d+3035885]\nE           \tGetHandleVerifier [0x0x7ff73e8d0400+3164896]\nE           \tGetHandleVerifier [0x0x7ff73e5f8c3e+185118]\nE           \tGetHandleVerifier [0x0x7ff73e60054f+216111]\nE           \tGetHandleVerifier [0x0x7ff73e5e72e4+113092]\nE           \tGetHandleVerifier [0x0x7ff73e5e7499+113529]\nE           \tGetHandleVerifier [0x0x7ff73e5ce298+10616]\nE           \tBaseThreadInitThunk [0x0x7ff840aa7374+20]\nE           \tRtlUserThreadStart [0x0x7ff8419dcc91+33]\n\n..\\pages\\purchase_return_page.py:73: NavigationError"}, "description": "Test case for purchase return.", "steps": [{"name": "Return a purchase invoice", "status": "broken", "statusDetails": {"message": "exceptions.custom_exceptions.NavigationError: Failed to navigate to Purchase Return: Message: \nStacktrace:\n\tGetHandleVerifier [0x0x7ff73e5de935+77845]\n\tGetHandleVerifier [0x0x7ff73e5de990+77936]\n\t(No symbol) [0x0x7ff73e399cda]\n\t(No symbol) [0x0x7ff73e3f06aa]\n\t(No symbol) [0x0x7ff73e3f095c]\n\t(No symbol) [0x0x7ff73e443d07]\n\t(No symbol) [0x0x7ff73e41890f]\n\t(No symbol) [0x0x7ff73e440b07]\n\t(No symbol) [0x0x7ff73e4186a3]\n\t(No symbol) [0x0x7ff73e3e1791]\n\t(No symbol) [0x0x7ff73e3e2523]\n\tGetHandleVerifier [0x0x7ff73e8b684d+3059501]\n\tGetHandleVerifier [0x0x7ff73e8b0c0d+3035885]\n\tGetHandleVerifier [0x0x7ff73e8d0400+3164896]\n\tGetHandleVerifier [0x0x7ff73e5f8c3e+185118]\n\tGetHandleVerifier [0x0x7ff73e60054f+216111]\n\tGetHandleVerifier [0x0x7ff73e5e72e4+113092]\n\tGetHandleVerifier [0x0x7ff73e5e7499+113529]\n\tGetHandleVerifier [0x0x7ff73e5ce298+10616]\n\tBaseThreadInitThunk [0x0x7ff840aa7374+20]\n\tRtlUserThreadStart [0x0x7ff8419dcc91+33]\n\n", "trace": "  File \"C:\\Users\\karun\\PycharmProjects\\PythonProject\\project\\tests\\test_erp_flow.py\", line 126, in test_purchase_return\n    purchase_return_page.create_purchase_return(\n    ~~~~~~~~~~~~~~~~~~~~~~~~~~~~~~~~~~~~~~~~~~~^\n        remarks=\"Testing Purchase Return by automation.\"\n        ^^^^^^^^^^^^^^^^^^^^^^^^^^^^^^^^^^^^^^^^^^^^^^^^\n    )\n    ^\n  File \"C:\\Users\\karun\\AppData\\Roaming\\Python\\Python313\\site-packages\\allure_commons\\_allure.py\", line 202, in impl\n    return func(*a, **kw)\n  File \"C:\\Users\\karun\\PycharmProjects\\PythonProject\\project\\pages\\purchase_return_page.py\", line 35, in create_purchase_return\n    self._navigate_to_purchase_return()\n    ~~~~~~~~~~~~~~~~~~~~~~~~~~~~~~~~~^^\n  File \"C:\\Users\\karun\\PycharmProjects\\PythonProject\\project\\pages\\purchase_return_page.py\", line 73, in _navigate_to_purchase_return\n    raise NavigationError(f\"Failed to navigate to Purchase Return: {e}\")\n"}, "steps": [{"name": "Login with username: 'gedehim917@decodewp.com'", "status": "passed", "steps": [{"name": "Detected 'Already Logged In' popup â€” logging out first", "status": "passed", "start": 1753601313205, "stop": 1753601313288}], "parameters": [{"name": "username", "value": "'gedehim917@decodewp.com'"}, {"name": "password", "value": "'Tebahal1!'"}, {"name": "link", "value": "'https://velvet.webredirect.himshang.com.np/#/pages/dashboard'"}], "start": 1753601291414, "stop": 1753601331386}, {"name": "Creating Purchase Return with remarks: 'Testing Purchase Return by automation.'", "status": "broken", "statusDetails": {"message": "exceptions.custom_exceptions.NavigationError: Failed to navigate to Purchase Return: Message: \nStacktrace:\n\tGetHandleVerifier [0x0x7ff73e5de935+77845]\n\tGetHandleVerifier [0x0x7ff73e5de990+77936]\n\t(No symbol) [0x0x7ff73e399cda]\n\t(No symbol) [0x0x7ff73e3f06aa]\n\t(No symbol) [0x0x7ff73e3f095c]\n\t(No symbol) [0x0x7ff73e443d07]\n\t(No symbol) [0x0x7ff73e41890f]\n\t(No symbol) [0x0x7ff73e440b07]\n\t(No symbol) [0x0x7ff73e4186a3]\n\t(No symbol) [0x0x7ff73e3e1791]\n\t(No symbol) [0x0x7ff73e3e2523]\n\tGetHandleVerifier [0x0x7ff73e8b684d+3059501]\n\tGetHandleVerifier [0x0x7ff73e8b0c0d+3035885]\n\tGetHandleVerifier [0x0x7ff73e8d0400+3164896]\n\tGetHandleVerifier [0x0x7ff73e5f8c3e+185118]\n\tGetHandleVerifier [0x0x7ff73e60054f+216111]\n\tGetHandleVerifier [0x0x7ff73e5e72e4+113092]\n\tGetHandleVerifier [0x0x7ff73e5e7499+113529]\n\tGetHandleVerifier [0x0x7ff73e5ce298+10616]\n\tBaseThreadInitThunk [0x0x7ff840aa7374+20]\n\tRtlUserThreadStart [0x0x7ff8419dcc91+33]\n\n", "trace": "  File \"C:\\Users\\karun\\AppData\\Roaming\\Python\\Python313\\site-packages\\allure_commons\\_allure.py\", line 202, in impl\n    return func(*a, **kw)\n  File \"C:\\Users\\karun\\PycharmProjects\\PythonProject\\project\\pages\\purchase_return_page.py\", line 35, in create_purchase_return\n    self._navigate_to_purchase_return()\n    ~~~~~~~~~~~~~~~~~~~~~~~~~~~~~~~~~^^\n  File \"C:\\Users\\karun\\PycharmProjects\\PythonProject\\project\\pages\\purchase_return_page.py\", line 73, in _navigate_to_purchase_return\n    raise NavigationError(f\"Failed to navigate to Purchase Return: {e}\")\n"}, "steps": [{"name": "Clicking on 'Transactions' menu", "status": "passed", "start": 1753601331388, "stop": 1753601331509}, {"name": "Hovering over 'Purchase Transaction'", "status": "passed", "start": 1753601331509, "stop": 1753601339805}, {"name": "Clicking on 'Purchase Return'", "status": "broken", "statusDetails": {"message": "selenium.common.exceptions.TimeoutException: Message: \nStacktrace:\n\tGetHandleVerifier [0x0x7ff73e5de935+77845]\n\tGetHandleVerifier [0x0x7ff73e5de990+77936]\n\t(No symbol) [0x0x7ff73e399cda]\n\t(No symbol) [0x0x7ff73e3f06aa]\n\t(No symbol) [0x0x7ff73e3f095c]\n\t(No symbol) [0x0x7ff73e443d07]\n\t(No symbol) [0x0x7ff73e41890f]\n\t(No symbol) [0x0x7ff73e440b07]\n\t(No symbol) [0x0x7ff73e4186a3]\n\t(No symbol) [0x0x7ff73e3e1791]\n\t(No symbol) [0x0x7ff73e3e2523]\n\tGetHandleVerifier [0x0x7ff73e8b684d+3059501]\n\tGetHandleVerifier [0x0x7ff73e8b0c0d+3035885]\n\tGetHandleVerifier [0x0x7ff73e8d0400+3164896]\n\tGetHandleVerifier [0x0x7ff73e5f8c3e+185118]\n\tGetHandleVerifier [0x0x7ff73e60054f+216111]\n\tGetHandleVerifier [0x0x7ff73e5e72e4+113092]\n\tGetHandleVerifier [0x0x7ff73e5e7499+113529]\n\tGetHandleVerifier [0x0x7ff73e5ce298+10616]\n\tBaseThreadInitThunk [0x0x7ff840aa7374+20]\n\tRtlUserThreadStart [0x0x7ff8419dcc91+33]\n\n", "trace": "  File \"C:\\Users\\karun\\PycharmProjects\\PythonProject\\project\\pages\\purchase_return_page.py\", line 66, in _navigate_to_purchase_return\n    debit_note = self.wait.until(ec.visibility_of_element_located(self.DEBIT_NOTE_MENU))\n  File \"C:\\Users\\karun\\AppData\\Roaming\\Python\\Python313\\site-packages\\selenium\\webdriver\\support\\wait.py\", line 138, in until\n    raise TimeoutException(message, screen, stacktrace)\n"}, "start": 1753601339805, "stop": 1753601360474}], "attachments": [{"name": "Navigation Error", "source": "2e793720-0444-4f75-abea-8b9f618a65a1-attachment.png", "type": "image/png"}], "parameters": [{"name": "remarks", "value": "'Testing Purchase Return by automation.'"}], "start": 1753601331387, "stop": 1753601361023}], "start": 1753601291414, "stop": 1753601361024}], "attachments": [{"name": "log", "source": "8450b38d-3b69-47b1-9634-afa033985778-attachment.txt", "type": "text/plain"}, {"name": "stdout", "source": "de730bde-ee98-47c3-a7cd-58ab274af24d-attachment.txt", "type": "text/plain"}, {"name": "stderr", "source": "32885f4e-6d5b-44ec-a32b-0c00dc051652-attachment.txt", "type": "text/plain"}], "start": 1753601291414, "stop": 1753601361026, "uuid": "6103e498-c15a-4ec3-8da7-eee7b3c99c12", "historyId": "0c7b5fa3752024084a120613ac793177", "testCaseId": "0c7b5fa3752024084a120613ac793177", "fullName": "test_erp_flow.TestERPFlowCreation#test_purchase_return", "labels": [{"name": "story", "value": "Purchase Return"}, {"name": "feature", "value": "Test ERP Flow Creation"}, {"name": "suite", "value": "test_erp_flow"}, {"name": "subSuite", "value": "TestERPFlowCreation"}, {"name": "host", "value": "DESKTOP-AOJNATO"}, {"name": "thread", "value": "3552-MainThread"}, {"name": "framework", "value": "pytest"}, {"name": "language", "value": "cpython3"}, {"name": "package", "value": "test_erp_flow"}]}