{"name": "test_sales_tax_invoice", "status": "broken", "statusDetails": {"message": "exceptions.custom_exceptions.PopupHandlingError: Failed to save product: Message: element click intercepted: Element <button _ngcontent-jae-c205=\"\" id=\"save\" class=\"btn mr-2 px-4\">...</button> is not clickable at point (1139, 73). Other element would receive the click: <div class=\"cdk-overlay-backdrop cdk-overlay-dark-backdrop cdk-overlay-backdrop-showing\"></div>\n  (Session info: chrome=138.0.7204.169)\nStacktrace:\n\tGetHandleVerifier [0x0x7ff73e5de935+77845]\n\tGetHandleVerifier [0x0x7ff73e5de990+77936]\n\t(No symbol) [0x0x7ff73e399cda]\n\t(No symbol) [0x0x7ff73e3f86a9]\n\t(No symbol) [0x0x7ff73e3f6042]\n\t(No symbol) [0x0x7ff73e3f3081]\n\t(No symbol) [0x0x7ff73e3f1f81]\n\t(No symbol) [0x0x7ff73e3e36c8]\n\t(No symbol) [0x0x7ff73e4188ca]\n\t(No symbol) [0x0x7ff73e3e2f76]\n\t(No symbol) [0x0x7ff73e418ae0]\n\t(No symbol) [0x0x7ff73e440b07]\n\t(No symbol) [0x0x7ff73e4186a3]\n\t(No symbol) [0x0x7ff73e3e1791]\n\t(No symbol) [0x0x7ff73e3e2523]\n\tGetHandleVerifier [0x0x7ff73e8b684d+3059501]\n\tGetHandleVerifier [0x0x7ff73e8b0c0d+3035885]\n\tGetHandleVerifier [0x0x7ff73e8d0400+3164896]\n\tGetHandleVerifier [0x0x7ff73e5f8c3e+185118]\n\tGetHandleVerifier [0x0x7ff73e60054f+216111]\n\tGetHandleVerifier [0x0x7ff73e5e72e4+113092]\n\tGetHandleVerifier [0x0x7ff73e5e7499+113529]\n\tGetHandleVerifier [0x0x7ff73e5ce298+10616]\n\tBaseThreadInitThunk [0x0x7ff840aa7374+20]\n\tRtlUserThreadStart [0x0x7ff8419dcc91+33]", "trace": "self = <pages.product_master_page.ProductMasterPage object at 0x00000216B570CA50>\n\n    def _save_product(self):\n        \"\"\"Save the product and handle confirmation.\"\"\"\n        try:\n            with allure.step(\"Clicking on 'Save' button\"):\n                save_button = self.driver.find_element(*self.SAVE_BUTTON)\n>               save_button.click()\n\n..\\pages\\product_master_page.py:280: \n_ _ _ _ _ _ _ _ _ _ _ _ _ _ _ _ _ _ _ _ _ _ _ _ _ _ _ _ _ _ _ _ _ _ _ _ _ _ _ _ _ _ _ _ _ _ _ _ _ _ _ _ _ _ _ _ _ _ _ _\n..\\..\\..\\..\\AppData\\Roaming\\Python\\Python313\\site-packages\\selenium\\webdriver\\remote\\webelement.py:121: in click\n    self._execute(Command.CLICK_ELEMENT)\n..\\..\\..\\..\\AppData\\Roaming\\Python\\Python313\\site-packages\\selenium\\webdriver\\remote\\webelement.py:574: in _execute\n    return self._parent.execute(command, params)\n           ^^^^^^^^^^^^^^^^^^^^^^^^^^^^^^^^^^^^^\n..\\..\\..\\..\\AppData\\Roaming\\Python\\Python313\\site-packages\\selenium\\webdriver\\remote\\webdriver.py:447: in execute\n    self.error_handler.check_response(response)\n_ _ _ _ _ _ _ _ _ _ _ _ _ _ _ _ _ _ _ _ _ _ _ _ _ _ _ _ _ _ _ _ _ _ _ _ _ _ _ _ _ _ _ _ _ _ _ _ _ _ _ _ _ _ _ _ _ _ _ _\n\nself = <selenium.webdriver.remote.errorhandler.ErrorHandler object at 0x00000216B570DA90>\nresponse = {'status': 400, 'value': '{\"value\":{\"error\":\"element click intercepted\",\"message\":\"element click intercepted: Element ...ff73e5ce298+10616]\\\\n\\\\tBaseThreadInitThunk [0x0x7ff840aa7374+20]\\\\n\\\\tRtlUserThreadStart [0x0x7ff8419dcc91+33]\\\\n\"}}'}\n\n    def check_response(self, response: Dict[str, Any]) -> None:\n        \"\"\"Checks that a JSON response from the WebDriver does not have an\n        error.\n    \n        :Args:\n         - response - The JSON response from the WebDriver server as a dictionary\n           object.\n    \n        :Raises: If the response contains an error message.\n        \"\"\"\n        status = response.get(\"status\", None)\n        if not status or status == ErrorCode.SUCCESS:\n            return\n        value = None\n        message = response.get(\"message\", \"\")\n        screen: str = response.get(\"screen\", \"\")\n        stacktrace = None\n        if isinstance(status, int):\n            value_json = response.get(\"value\", None)\n            if value_json and isinstance(value_json, str):\n                import json\n    \n                try:\n                    value = json.loads(value_json)\n                    if len(value) == 1:\n                        value = value[\"value\"]\n                    status = value.get(\"error\", None)\n                    if not status:\n                        status = value.get(\"status\", ErrorCode.UNKNOWN_ERROR)\n                        message = value.get(\"value\") or value.get(\"message\")\n                        if not isinstance(message, str):\n                            value = message\n                            message = message.get(\"message\")\n                    else:\n                        message = value.get(\"message\", None)\n                except ValueError:\n                    pass\n    \n        exception_class: Type[WebDriverException]\n        e = ErrorCode()\n        error_codes = [item for item in dir(e) if not item.startswith(\"__\")]\n        for error_code in error_codes:\n            error_info = getattr(ErrorCode, error_code)\n            if isinstance(error_info, list) and status in error_info:\n                exception_class = getattr(ExceptionMapping, error_code, WebDriverException)\n                break\n        else:\n            exception_class = WebDriverException\n    \n        if not value:\n            value = response[\"value\"]\n        if isinstance(value, str):\n            raise exception_class(value)\n        if message == \"\" and \"message\" in value:\n            message = value[\"message\"]\n    \n        screen = None  # type: ignore[assignment]\n        if \"screen\" in value:\n            screen = value[\"screen\"]\n    \n        stacktrace = None\n        st_value = value.get(\"stackTrace\") or value.get(\"stacktrace\")\n        if st_value:\n            if isinstance(st_value, str):\n                stacktrace = st_value.split(\"\\n\")\n            else:\n                stacktrace = []\n                try:\n                    for frame in st_value:\n                        line = frame.get(\"lineNumber\", \"\")\n                        file = frame.get(\"fileName\", \"<anonymous>\")\n                        if line:\n                            file = f\"{file}:{line}\"\n                        meth = frame.get(\"methodName\", \"<anonymous>\")\n                        if \"className\" in frame:\n                            meth = f\"{frame['className']}.{meth}\"\n                        msg = \"    at %s (%s)\"\n                        msg = msg % (meth, file)\n                        stacktrace.append(msg)\n                except TypeError:\n                    pass\n        if exception_class == UnexpectedAlertPresentException:\n            alert_text = None\n            if \"data\" in value:\n                alert_text = value[\"data\"].get(\"text\")\n            elif \"alert\" in value:\n                alert_text = value[\"alert\"].get(\"text\")\n            raise exception_class(message, screen, stacktrace, alert_text)  # type: ignore[call-arg]  # mypy is not smart enough here\n>       raise exception_class(message, screen, stacktrace)\nE       selenium.common.exceptions.ElementClickInterceptedException: Message: element click intercepted: Element <button _ngcontent-jae-c205=\"\" id=\"save\" class=\"btn mr-2 px-4\">...</button> is not clickable at point (1139, 73). Other element would receive the click: <div class=\"cdk-overlay-backdrop cdk-overlay-dark-backdrop cdk-overlay-backdrop-showing\"></div>\nE         (Session info: chrome=138.0.7204.169)\nE       Stacktrace:\nE       \tGetHandleVerifier [0x0x7ff73e5de935+77845]\nE       \tGetHandleVerifier [0x0x7ff73e5de990+77936]\nE       \t(No symbol) [0x0x7ff73e399cda]\nE       \t(No symbol) [0x0x7ff73e3f86a9]\nE       \t(No symbol) [0x0x7ff73e3f6042]\nE       \t(No symbol) [0x0x7ff73e3f3081]\nE       \t(No symbol) [0x0x7ff73e3f1f81]\nE       \t(No symbol) [0x0x7ff73e3e36c8]\nE       \t(No symbol) [0x0x7ff73e4188ca]\nE       \t(No symbol) [0x0x7ff73e3e2f76]\nE       \t(No symbol) [0x0x7ff73e418ae0]\nE       \t(No symbol) [0x0x7ff73e440b07]\nE       \t(No symbol) [0x0x7ff73e4186a3]\nE       \t(No symbol) [0x0x7ff73e3e1791]\nE       \t(No symbol) [0x0x7ff73e3e2523]\nE       \tGetHandleVerifier [0x0x7ff73e8b684d+3059501]\nE       \tGetHandleVerifier [0x0x7ff73e8b0c0d+3035885]\nE       \tGetHandleVerifier [0x0x7ff73e8d0400+3164896]\nE       \tGetHandleVerifier [0x0x7ff73e5f8c3e+185118]\nE       \tGetHandleVerifier [0x0x7ff73e60054f+216111]\nE       \tGetHandleVerifier [0x0x7ff73e5e72e4+113092]\nE       \tGetHandleVerifier [0x0x7ff73e5e7499+113529]\nE       \tGetHandleVerifier [0x0x7ff73e5ce298+10616]\nE       \tBaseThreadInitThunk [0x0x7ff840aa7374+20]\nE       \tRtlUserThreadStart [0x0x7ff8419dcc91+33]\n\n..\\..\\..\\..\\AppData\\Roaming\\Python\\Python313\\site-packages\\selenium\\webdriver\\remote\\errorhandler.py:232: ElementClickInterceptedException\n\nDuring handling of the above exception, another exception occurred:\n\nself = <tests.test_erp_flow.TestERPFlowCreation object at 0x00000216B47136F0>\ndriver = <selenium.webdriver.chrome.webdriver.WebDriver (session=\"1c837a16eb6e000d36b8142a45741722\")>\n\n    @allure.story(\"Sales Tax Invoice Creation\")\n    def test_sales_tax_invoice(self, driver):\n        \"\"\"Test case for creating sales tax invoice.\"\"\"\n        with allure.step(\"Sales a product item\"):\n            # Login\n            login_page = LoginPage(driver)\n            login_page.login(DEFAULT_USERNAME, DEFAULT_PASSWORD, BASE_URL)\n    \n            # Create product master\n            product_page = ProductMasterPage(driver)\n>           product_page.create_product_master(\n                product_item=\"Test3\",\n                HS_code=\"123\",\n                unit=\"kg.\",\n                item_type=\"Service Item\",\n                description=\"This is description\",\n                category=\"N/A\",\n                short_name=\"XYZ\",\n                purchase_price=\"120\",\n                sales_price=\"140\",\n                alt_unit=\"Each\",\n                conversion_factor=\"1000\",\n                barcode_map=\"777\",\n                barcode_unit=\"kg.\"\n            )\n\ntest_erp_flow.py:92: \n_ _ _ _ _ _ _ _ _ _ _ _ _ _ _ _ _ _ _ _ _ _ _ _ _ _ _ _ _ _ _ _ _ _ _ _ _ _ _ _ _ _ _ _ _ _ _ _ _ _ _ _ _ _ _ _ _ _ _ _\n..\\pages\\product_master_page.py:183: in create_product_master\n    self._save_product()\n_ _ _ _ _ _ _ _ _ _ _ _ _ _ _ _ _ _ _ _ _ _ _ _ _ _ _ _ _ _ _ _ _ _ _ _ _ _ _ _ _ _ _ _ _ _ _ _ _ _ _ _ _ _ _ _ _ _ _ _\n\nself = <pages.product_master_page.ProductMasterPage object at 0x00000216B570CA50>\n\n    def _save_product(self):\n        \"\"\"Save the product and handle confirmation.\"\"\"\n        try:\n            with allure.step(\"Clicking on 'Save' button\"):\n                save_button = self.driver.find_element(*self.SAVE_BUTTON)\n                save_button.click()\n                time.sleep(10)\n    \n            # Handle \"Do you want to add another product?\" alert\n            with allure.step(\"Handling 'Do you wanna add another product?' alert\"):\n                body = self.driver.find_element(By.TAG_NAME, \"body\")\n                body.send_keys(Keys.ENTER)\n                time.sleep(10)\n    \n        except Exception as e:\n            logger.error(f\"Error saving product: {e}\")\n            self.take_screenshot(\"Save Product Error\")\n>           raise PopupHandlingError(f\"Failed to save product: {e}\")\nE           exceptions.custom_exceptions.PopupHandlingError: Failed to save product: Message: element click intercepted: Element <button _ngcontent-jae-c205=\"\" id=\"save\" class=\"btn mr-2 px-4\">...</button> is not clickable at point (1139, 73). Other element would receive the click: <div class=\"cdk-overlay-backdrop cdk-overlay-dark-backdrop cdk-overlay-backdrop-showing\"></div>\nE             (Session info: chrome=138.0.7204.169)\nE           Stacktrace:\nE           \tGetHandleVerifier [0x0x7ff73e5de935+77845]\nE           \tGetHandleVerifier [0x0x7ff73e5de990+77936]\nE           \t(No symbol) [0x0x7ff73e399cda]\nE           \t(No symbol) [0x0x7ff73e3f86a9]\nE           \t(No symbol) [0x0x7ff73e3f6042]\nE           \t(No symbol) [0x0x7ff73e3f3081]\nE           \t(No symbol) [0x0x7ff73e3f1f81]\nE           \t(No symbol) [0x0x7ff73e3e36c8]\nE           \t(No symbol) [0x0x7ff73e4188ca]\nE           \t(No symbol) [0x0x7ff73e3e2f76]\nE           \t(No symbol) [0x0x7ff73e418ae0]\nE           \t(No symbol) [0x0x7ff73e440b07]\nE           \t(No symbol) [0x0x7ff73e4186a3]\nE           \t(No symbol) [0x0x7ff73e3e1791]\nE           \t(No symbol) [0x0x7ff73e3e2523]\nE           \tGetHandleVerifier [0x0x7ff73e8b684d+3059501]\nE           \tGetHandleVerifier [0x0x7ff73e8b0c0d+3035885]\nE           \tGetHandleVerifier [0x0x7ff73e8d0400+3164896]\nE           \tGetHandleVerifier [0x0x7ff73e5f8c3e+185118]\nE           \tGetHandleVerifier [0x0x7ff73e60054f+216111]\nE           \tGetHandleVerifier [0x0x7ff73e5e72e4+113092]\nE           \tGetHandleVerifier [0x0x7ff73e5e7499+113529]\nE           \tGetHandleVerifier [0x0x7ff73e5ce298+10616]\nE           \tBaseThreadInitThunk [0x0x7ff840aa7374+20]\nE           \tRtlUserThreadStart [0x0x7ff8419dcc91+33]\n\n..\\pages\\product_master_page.py:292: PopupHandlingError"}, "description": "Test case for creating sales tax invoice.", "steps": [{"name": "Sales a product item", "status": "broken", "statusDetails": {"message": "exceptions.custom_exceptions.PopupHandlingError: Failed to save product: Message: element click intercepted: Element <button _ngcontent-jae-c205=\"\" id=\"save\" class=\"btn mr-2 px-4\">...</button> is not clickable at point (1139, 73). Other element would receive the click: <div class=\"cdk-overlay-backdrop cdk-overlay-dark-backdrop cdk-overlay-backdrop-showing\"></div>\n  (Session info: chrome=138.0.7204.169)\nStacktrace:\n\tGetHandleVerifier [0x0x7ff73e5de935+77845]\n\tGetHandleVerifier [0x0x7ff73e5de990+77936]\n\t(No symbol) [0x0x7ff73e399cda]\n\t(No symbol) [0x0x7ff73e3f86a9]\n\t(No symbol) [0x0x7ff73e3f6042]\n\t(No symbol) [0x0x7ff73e3f3081]\n\t(No symbol) [0x0x7ff73e3f1f81]\n\t(No symbol) [0x0x7ff73e3e36c8]\n\t(No symbol) [0x0x7ff73e4188ca]\n\t(No symbol) [0x0x7ff73e3e2f76]\n\t(No symbol) [0x0x7ff73e418ae0]\n\t(No symbol) [0x0x7ff73e440b07]\n\t(No symbol) [0x0x7ff73e4186a3]\n\t(No symbol) [0x0x7ff73e3e1791]\n\t(No symbol) [0x0x7ff73e3e2523]\n\tGetHandleVerifier [0x0x7ff73e8b684d+3059501]\n\tGetHandleVerifier [0x0x7ff73e8b0c0d+3035885]\n\tGetHandleVerifier [0x0x7ff73e8d0400+3164896]\n\tGetHandleVerifier [0x0x7ff73e5f8c3e+185118]\n\tGetHandleVerifier [0x0x7ff73e60054f+216111]\n\tGetHandleVerifier [0x0x7ff73e5e72e4+113092]\n\tGetHandleVerifier [0x0x7ff73e5e7499+113529]\n\tGetHandleVerifier [0x0x7ff73e5ce298+10616]\n\tBaseThreadInitThunk [0x0x7ff840aa7374+20]\n\tRtlUserThreadStart [0x0x7ff8419dcc91+33]\n\n", "trace": "  File \"C:\\Users\\karun\\PycharmProjects\\PythonProject\\project\\tests\\test_erp_flow.py\", line 92, in test_sales_tax_invoice\n    product_page.create_product_master(\n    ~~~~~~~~~~~~~~~~~~~~~~~~~~~~~~~~~~^\n        product_item=\"Test3\",\n        ^^^^^^^^^^^^^^^^^^^^^\n    ...<11 lines>...\n        barcode_unit=\"kg.\"\n        ^^^^^^^^^^^^^^^^^^\n    )\n    ^\n  File \"C:\\Users\\karun\\AppData\\Roaming\\Python\\Python313\\site-packages\\allure_commons\\_allure.py\", line 202, in impl\n    return func(*a, **kw)\n  File \"C:\\Users\\karun\\PycharmProjects\\PythonProject\\project\\pages\\product_master_page.py\", line 183, in create_product_master\n    self._save_product()\n    ~~~~~~~~~~~~~~~~~~^^\n  File \"C:\\Users\\karun\\PycharmProjects\\PythonProject\\project\\pages\\product_master_page.py\", line 292, in _save_product\n    raise PopupHandlingError(f\"Failed to save product: {e}\")\n"}, "steps": [{"name": "Login with username: 'gedehim917@decodewp.com'", "status": "passed", "steps": [{"name": "Detected 'Already Logged In' popup â€” logging out first", "status": "passed", "start": 1753601076802, "stop": 1753601077655}], "parameters": [{"name": "username", "value": "'gedehim917@decodewp.com'"}, {"name": "password", "value": "'Tebahal1!'"}, {"name": "link", "value": "'https://velvet.webredirect.himshang.com.np/#/pages/dashboard'"}], "start": 1753601058656, "stop": 1753601095759}, {"name": "Creating product master for item: 'Test3'", "status": "broken", "statusDetails": {"message": "exceptions.custom_exceptions.PopupHandlingError: Failed to save product: Message: element click intercepted: Element <button _ngcontent-jae-c205=\"\" id=\"save\" class=\"btn mr-2 px-4\">...</button> is not clickable at point (1139, 73). Other element would receive the click: <div class=\"cdk-overlay-backdrop cdk-overlay-dark-backdrop cdk-overlay-backdrop-showing\"></div>\n  (Session info: chrome=138.0.7204.169)\nStacktrace:\n\tGetHandleVerifier [0x0x7ff73e5de935+77845]\n\tGetHandleVerifier [0x0x7ff73e5de990+77936]\n\t(No symbol) [0x0x7ff73e399cda]\n\t(No symbol) [0x0x7ff73e3f86a9]\n\t(No symbol) [0x0x7ff73e3f6042]\n\t(No symbol) [0x0x7ff73e3f3081]\n\t(No symbol) [0x0x7ff73e3f1f81]\n\t(No symbol) [0x0x7ff73e3e36c8]\n\t(No symbol) [0x0x7ff73e4188ca]\n\t(No symbol) [0x0x7ff73e3e2f76]\n\t(No symbol) [0x0x7ff73e418ae0]\n\t(No symbol) [0x0x7ff73e440b07]\n\t(No symbol) [0x0x7ff73e4186a3]\n\t(No symbol) [0x0x7ff73e3e1791]\n\t(No symbol) [0x0x7ff73e3e2523]\n\tGetHandleVerifier [0x0x7ff73e8b684d+3059501]\n\tGetHandleVerifier [0x0x7ff73e8b0c0d+3035885]\n\tGetHandleVerifier [0x0x7ff73e8d0400+3164896]\n\tGetHandleVerifier [0x0x7ff73e5f8c3e+185118]\n\tGetHandleVerifier [0x0x7ff73e60054f+216111]\n\tGetHandleVerifier [0x0x7ff73e5e72e4+113092]\n\tGetHandleVerifier [0x0x7ff73e5e7499+113529]\n\tGetHandleVerifier [0x0x7ff73e5ce298+10616]\n\tBaseThreadInitThunk [0x0x7ff840aa7374+20]\n\tRtlUserThreadStart [0x0x7ff8419dcc91+33]\n\n", "trace": "  File \"C:\\Users\\karun\\AppData\\Roaming\\Python\\Python313\\site-packages\\allure_commons\\_allure.py\", line 202, in impl\n    return func(*a, **kw)\n  File \"C:\\Users\\karun\\PycharmProjects\\PythonProject\\project\\pages\\product_master_page.py\", line 183, in create_product_master\n    self._save_product()\n    ~~~~~~~~~~~~~~~~~~^^\n  File \"C:\\Users\\karun\\PycharmProjects\\PythonProject\\project\\pages\\product_master_page.py\", line 292, in _save_product\n    raise PopupHandlingError(f\"Failed to save product: {e}\")\n"}, "steps": [{"name": "Clicking on 'Masters' menu", "status": "passed", "start": 1753601095764, "stop": 1753601095941}, {"name": "Waiting for 'Product Master' to be visible and clicking it", "status": "passed", "start": 1753601106248, "stop": 1753601111527}, {"name": "Clicking on 'Add Product' button", "status": "passed", "start": 1753601111527, "stop": 1753601121672}, {"name": "Clicking 'Add Product' label", "status": "passed", "start": 1753601121672, "stop": 1753601129933}, {"name": "Clicking on Item Group input field", "status": "passed", "start": 1753601133036, "stop": 1753601143220}, {"name": "Clicking on main group input field", "status": "passed", "start": 1753601143220, "stop": 1753601151631}, {"name": "Entering product item name", "status": "passed", "start": 1753601151631, "stop": 1753601151850}, {"name": "Entering purchase price", "status": "passed", "start": 1753601187844, "stop": 1753601198049}, {"name": "Entering sales price", "status": "passed", "start": 1753601198049, "stop": 1753601208303}, {"name": "Navigating to Alternate Unit tab", "status": "passed", "start": 1753601208304, "stop": 1753601216512}, {"name": "Clicking on 'Add Barcode' button", "status": "passed", "start": 1753601221920, "stop": 1753601230083}, {"name": "Clicking on 'Save' button", "status": "broken", "statusDetails": {"message": "selenium.common.exceptions.ElementClickInterceptedException: Message: element click intercepted: Element <button _ngcontent-jae-c205=\"\" id=\"save\" class=\"btn mr-2 px-4\">...</button> is not clickable at point (1139, 73). Other element would receive the click: <div class=\"cdk-overlay-backdrop cdk-overlay-dark-backdrop cdk-overlay-backdrop-showing\"></div>\n  (Session info: chrome=138.0.7204.169)\nStacktrace:\n\tGetHandleVerifier [0x0x7ff73e5de935+77845]\n\tGetHandleVerifier [0x0x7ff73e5de990+77936]\n\t(No symbol) [0x0x7ff73e399cda]\n\t(No symbol) [0x0x7ff73e3f86a9]\n\t(No symbol) [0x0x7ff73e3f6042]\n\t(No symbol) [0x0x7ff73e3f3081]\n\t(No symbol) [0x0x7ff73e3f1f81]\n\t(No symbol) [0x0x7ff73e3e36c8]\n\t(No symbol) [0x0x7ff73e4188ca]\n\t(No symbol) [0x0x7ff73e3e2f76]\n\t(No symbol) [0x0x7ff73e418ae0]\n\t(No symbol) [0x0x7ff73e440b07]\n\t(No symbol) [0x0x7ff73e4186a3]\n\t(No symbol) [0x0x7ff73e3e1791]\n\t(No symbol) [0x0x7ff73e3e2523]\n\tGetHandleVerifier [0x0x7ff73e8b684d+3059501]\n\tGetHandleVerifier [0x0x7ff73e8b0c0d+3035885]\n\tGetHandleVerifier [0x0x7ff73e8d0400+3164896]\n\tGetHandleVerifier [0x0x7ff73e5f8c3e+185118]\n\tGetHandleVerifier [0x0x7ff73e60054f+216111]\n\tGetHandleVerifier [0x0x7ff73e5e72e4+113092]\n\tGetHandleVerifier [0x0x7ff73e5e7499+113529]\n\tGetHandleVerifier [0x0x7ff73e5ce298+10616]\n\tBaseThreadInitThunk [0x0x7ff840aa7374+20]\n\tRtlUserThreadStart [0x0x7ff8419dcc91+33]\n\n", "trace": "  File \"C:\\Users\\karun\\PycharmProjects\\PythonProject\\project\\pages\\product_master_page.py\", line 280, in _save_product\n    save_button.click()\n    ~~~~~~~~~~~~~~~~~^^\n  File \"C:\\Users\\karun\\AppData\\Roaming\\Python\\Python313\\site-packages\\selenium\\webdriver\\remote\\webelement.py\", line 121, in click\n    self._execute(Command.CLICK_ELEMENT)\n    ~~~~~~~~~~~~~^^^^^^^^^^^^^^^^^^^^^^^\n  File \"C:\\Users\\karun\\AppData\\Roaming\\Python\\Python313\\site-packages\\selenium\\webdriver\\remote\\webelement.py\", line 574, in _execute\n    return self._parent.execute(command, params)\n           ~~~~~~~~~~~~~~~~~~~~^^^^^^^^^^^^^^^^^\n  File \"C:\\Users\\karun\\AppData\\Roaming\\Python\\Python313\\site-packages\\selenium\\webdriver\\remote\\webdriver.py\", line 447, in execute\n    self.error_handler.check_response(response)\n    ~~~~~~~~~~~~~~~~~~~~~~~~~~~~~~~~~^^^^^^^^^^\n  File \"C:\\Users\\karun\\AppData\\Roaming\\Python\\Python313\\site-packages\\selenium\\webdriver\\remote\\errorhandler.py\", line 232, in check_response\n    raise exception_class(message, screen, stacktrace)\n"}, "start": 1753601255801, "stop": 1753601256930}], "attachments": [{"name": "Save Product Error", "source": "be16146d-346b-4808-9528-3ae40924da53-attachment.png", "type": "image/png"}], "parameters": [{"name": "product_item", "value": "'Test3'"}, {"name": "HS_code", "value": "'123'"}, {"name": "unit", "value": "'kg.'"}, {"name": "item_type", "value": "'Service Item'"}, {"name": "description", "value": "'This is description'"}, {"name": "category", "value": "'N/A'"}, {"name": "short_name", "value": "'XYZ'"}, {"name": "purchase_price", "value": "'120'"}, {"name": "sales_price", "value": "'140'"}, {"name": "alt_unit", "value": "'Each'"}, {"name": "conversion_factor", "value": "'1000'"}, {"name": "barcode_map", "value": "'777'"}, {"name": "barcode_unit", "value": "'kg.'"}], "start": 1753601095764, "stop": 1753601257144}], "start": 1753601058655, "stop": 1753601257146}], "attachments": [{"name": "log", "source": "d50e154b-fa0e-4b3d-bc04-dabfde8bffac-attachment.txt", "type": "text/plain"}, {"name": "stdout", "source": "d53e705e-245d-4f2c-a4db-1957c608cf97-attachment.txt", "type": "text/plain"}, {"name": "stderr", "source": "a087f1ff-a96a-4258-9aa7-9be3d11db8f9-attachment.txt", "type": "text/plain"}], "start": 1753601058655, "stop": 1753601257150, "uuid": "aae1217f-646e-4fff-a940-ce5c24b1fe8c", "historyId": "cf09d7b1fa6f452efee1f2ddadb33621", "testCaseId": "cf09d7b1fa6f452efee1f2ddadb33621", "fullName": "test_erp_flow.TestERPFlowCreation#test_sales_tax_invoice", "labels": [{"name": "story", "value": "Sales Tax Invoice Creation"}, {"name": "feature", "value": "Test ERP Flow Creation"}, {"name": "suite", "value": "test_erp_flow"}, {"name": "subSuite", "value": "TestERPFlowCreation"}, {"name": "host", "value": "DESKTOP-AOJNATO"}, {"name": "thread", "value": "3552-MainThread"}, {"name": "framework", "value": "pytest"}, {"name": "language", "value": "cpython3"}, {"name": "package", "value": "test_erp_flow"}]}